<?xml version="1.0" encoding="UTF-8"?><testrun name="LibsAnalyzerTests" project="SpectrumAnalysis" tests="90" started="90" failures="9" errors="0" ignored="0">
  <testsuite name="com.sciaps.analysis.LibsAnalyzerTests" time="136.717">
    <testsuite name="[32X SEB3 !1!.csv]" time="1.801">
      <testcase name="chemistryTests[32X SEB3 !1!.csv]" classname="com.sciaps.analysis.LibsAnalyzerTests" time="1.801"/>
    </testsuite>
    <testsuite name="[32X SEB3 !2!.csv]" time="1.446">
      <testcase name="chemistryTests[32X SEB3 !2!.csv]" classname="com.sciaps.analysis.LibsAnalyzerTests" time="1.446"/>
    </testsuite>
    <testsuite name="[32X SEB3 !3!.csv]" time="1.479">
      <testcase name="chemistryTests[32X SEB3 !3!.csv]" classname="com.sciaps.analysis.LibsAnalyzerTests" time="1.479"/>
    </testsuite>
    <testsuite name="[32X SEB3 !4!.csv]" time="1.381">
      <testcase name="chemistryTests[32X SEB3 !4!.csv]" classname="com.sciaps.analysis.LibsAnalyzerTests" time="1.381"/>
    </testsuite>
    <testsuite name="[32X SEB3 !5!.csv]" time="1.455">
      <testcase name="chemistryTests[32X SEB3 !5!.csv]" classname="com.sciaps.analysis.LibsAnalyzerTests" time="1.455"/>
    </testsuite>
    <testsuite name="[32X SEB3 !6!.csv]" time="1.755">
      <testcase name="chemistryTests[32X SEB3 !6!.csv]" classname="com.sciaps.analysis.LibsAnalyzerTests" time="1.755"/>
    </testsuite>
    <testsuite name="[36X CN1 !1!.csv]" time="1.857">
      <testcase name="chemistryTests[36X CN1 !1!.csv]" classname="com.sciaps.analysis.LibsAnalyzerTests" time="1.857"/>
    </testsuite>
    <testsuite name="[36X CN1 !2!.csv]" time="1.759">
      <testcase name="chemistryTests[36X CN1 !2!.csv]" classname="com.sciaps.analysis.LibsAnalyzerTests" time="1.759"/>
    </testsuite>
    <testsuite name="[36X CN1 !3!.csv]" time="1.916">
      <testcase name="chemistryTests[36X CN1 !3!.csv]" classname="com.sciaps.analysis.LibsAnalyzerTests" time="1.916"/>
    </testsuite>
    <testsuite name="[36X CN1 !4!.csv]" time="1.544">
      <testcase name="chemistryTests[36X CN1 !4!.csv]" classname="com.sciaps.analysis.LibsAnalyzerTests" time="1.544"/>
    </testsuite>
    <testsuite name="[36X CN1 !5!.csv]" time="1.638">
      <testcase name="chemistryTests[36X CN1 !5!.csv]" classname="com.sciaps.analysis.LibsAnalyzerTests" time="1.638"/>
    </testsuite>
    <testsuite name="[36X CN1 !6!.csv]" time="1.465">
      <testcase name="chemistryTests[36X CN1 !6!.csv]" classname="com.sciaps.analysis.LibsAnalyzerTests" time="1.465"/>
    </testsuite>
    <testsuite name="[36X CN3 !1!.csv]" time="1.641">
      <testcase name="chemistryTests[36X CN3 !1!.csv]" classname="com.sciaps.analysis.LibsAnalyzerTests" time="1.641"/>
    </testsuite>
    <testsuite name="[36X CN3 !2!.csv]" time="1.354">
      <testcase name="chemistryTests[36X CN3 !2!.csv]" classname="com.sciaps.analysis.LibsAnalyzerTests" time="1.354"/>
    </testsuite>
    <testsuite name="[36X CN3 !3!.csv]" time="1.699">
      <testcase name="chemistryTests[36X CN3 !3!.csv]" classname="com.sciaps.analysis.LibsAnalyzerTests" time="1.699"/>
    </testsuite>
    <testsuite name="[36X CN3 !4!.csv]" time="1.218">
      <testcase name="chemistryTests[36X CN3 !4!.csv]" classname="com.sciaps.analysis.LibsAnalyzerTests" time="1.218"/>
    </testsuite>
    <testsuite name="[36X CN3 !5!.csv]" time="1.405">
      <testcase name="chemistryTests[36X CN3 !5!.csv]" classname="com.sciaps.analysis.LibsAnalyzerTests" time="1.405"/>
    </testsuite>
    <testsuite name="[36X CN3 !6!.csv]" time="1.282">
      <testcase name="chemistryTests[36X CN3 !6!.csv]" classname="com.sciaps.analysis.LibsAnalyzerTests" time="1.282"/>
    </testsuite>
    <testsuite name="[36X CN6 !1!.csv]" time="1.587">
      <testcase name="chemistryTests[36X CN6 !1!.csv]" classname="com.sciaps.analysis.LibsAnalyzerTests" time="1.587"/>
    </testsuite>
    <testsuite name="[36X CN6 !2!.csv]" time="1.587">
      <testcase name="chemistryTests[36X CN6 !2!.csv]" classname="com.sciaps.analysis.LibsAnalyzerTests" time="1.587"/>
    </testsuite>
    <testsuite name="[36X CN6 !3!.csv]" time="1.657">
      <testcase name="chemistryTests[36X CN6 !3!.csv]" classname="com.sciaps.analysis.LibsAnalyzerTests" time="1.657"/>
    </testsuite>
    <testsuite name="[36X CN6 !4!.csv]" time="1.459">
      <testcase name="chemistryTests[36X CN6 !4!.csv]" classname="com.sciaps.analysis.LibsAnalyzerTests" time="1.459"/>
    </testsuite>
    <testsuite name="[36X CN6 !5!.csv]" time="1.605">
      <testcase name="chemistryTests[36X CN6 !5!.csv]" classname="com.sciaps.analysis.LibsAnalyzerTests" time="1.605"/>
    </testsuite>
    <testsuite name="[36X CN6 !6!.csv]" time="1.534">
      <testcase name="chemistryTests[36X CN6 !6!.csv]" classname="com.sciaps.analysis.LibsAnalyzerTests" time="1.534">
        <failure>java.lang.AssertionError: expected:&lt;Copper&gt; but was:&lt;Nickel&gt;&#13;
	at org.junit.Assert.fail(Assert.java:88)&#13;
	at org.junit.Assert.failNotEquals(Assert.java:743)&#13;
	at org.junit.Assert.assertEquals(Assert.java:118)&#13;
	at org.junit.Assert.assertEquals(Assert.java:144)&#13;
	at com.sciaps.analysis.LibsAnalyzerTests.chemistryTests(LibsAnalyzerTests.java:117)&#13;
	at sun.reflect.GeneratedMethodAccessor4.invoke(Unknown Source)&#13;
	at sun.reflect.DelegatingMethodAccessorImpl.invoke(DelegatingMethodAccessorImpl.java:43)&#13;
	at java.lang.reflect.Method.invoke(Method.java:606)&#13;
	at org.junit.runners.model.FrameworkMethod$1.runReflectiveCall(FrameworkMethod.java:47)&#13;
	at org.junit.internal.runners.model.ReflectiveCallable.run(ReflectiveCallable.java:12)&#13;
	at org.junit.runners.model.FrameworkMethod.invokeExplosively(FrameworkMethod.java:44)&#13;
	at org.junit.internal.runners.statements.InvokeMethod.evaluate(InvokeMethod.java:17)&#13;
	at org.junit.runners.ParentRunner.runLeaf(ParentRunner.java:271)&#13;
	at org.junit.runners.BlockJUnit4ClassRunner.runChild(BlockJUnit4ClassRunner.java:70)&#13;
	at org.junit.runners.BlockJUnit4ClassRunner.runChild(BlockJUnit4ClassRunner.java:50)&#13;
	at org.junit.runners.ParentRunner$3.run(ParentRunner.java:238)&#13;
	at org.junit.runners.ParentRunner$1.schedule(ParentRunner.java:63)&#13;
	at org.junit.runners.ParentRunner.runChildren(ParentRunner.java:236)&#13;
	at org.junit.runners.ParentRunner.access$000(ParentRunner.java:53)&#13;
	at org.junit.runners.ParentRunner$2.evaluate(ParentRunner.java:229)&#13;
	at org.junit.runners.ParentRunner.run(ParentRunner.java:309)&#13;
	at org.junit.runners.Suite.runChild(Suite.java:127)&#13;
	at org.junit.runners.Suite.runChild(Suite.java:26)&#13;
	at org.junit.runners.ParentRunner$3.run(ParentRunner.java:238)&#13;
	at org.junit.runners.ParentRunner$1.schedule(ParentRunner.java:63)&#13;
	at org.junit.runners.ParentRunner.runChildren(ParentRunner.java:236)&#13;
	at org.junit.runners.ParentRunner.access$000(ParentRunner.java:53)&#13;
	at org.junit.runners.ParentRunner$2.evaluate(ParentRunner.java:229)&#13;
	at org.junit.internal.runners.statements.RunBefores.evaluate(RunBefores.java:26)&#13;
	at org.junit.runners.ParentRunner.run(ParentRunner.java:309)&#13;
	at org.eclipse.jdt.internal.junit4.runner.JUnit4TestReference.run(JUnit4TestReference.java:50)&#13;
	at org.eclipse.jdt.internal.junit.runner.TestExecution.run(TestExecution.java:38)&#13;
	at org.eclipse.jdt.internal.junit.runner.RemoteTestRunner.runTests(RemoteTestRunner.java:467)&#13;
	at org.eclipse.jdt.internal.junit.runner.RemoteTestRunner.runTests(RemoteTestRunner.java:683)&#13;
	at org.eclipse.jdt.internal.junit.runner.RemoteTestRunner.run(RemoteTestRunner.java:390)&#13;
	at org.eclipse.jdt.internal.junit.runner.RemoteTestRunner.main(RemoteTestRunner.java:197)&#13;
&#13;
</failure>
      </testcase>
    </testsuite>
    <testsuite name="[CDA 314 !1!.csv]" time="1.272">
      <testcase name="chemistryTests[CDA 314 !1!.csv]" classname="com.sciaps.analysis.LibsAnalyzerTests" time="1.272"/>
    </testsuite>
    <testsuite name="[CDA 314 !2!.csv]" time="1.192">
      <testcase name="chemistryTests[CDA 314 !2!.csv]" classname="com.sciaps.analysis.LibsAnalyzerTests" time="1.192">
        <failure>
          <expected>CDA 314</expected>
          <actual>CDA 836</actual>org.junit.ComparisonFailure: expected:&lt;CDA [314]&gt; but was:&lt;CDA [836]&gt;&#13;
	at org.junit.Assert.assertEquals(Assert.java:115)&#13;
	at org.junit.Assert.assertEquals(Assert.java:144)&#13;
	at com.sciaps.analysis.LibsAnalyzerTests.chemistryTests(LibsAnalyzerTests.java:121)&#13;
	at sun.reflect.GeneratedMethodAccessor4.invoke(Unknown Source)&#13;
	at sun.reflect.DelegatingMethodAccessorImpl.invoke(DelegatingMethodAccessorImpl.java:43)&#13;
	at java.lang.reflect.Method.invoke(Method.java:606)&#13;
	at org.junit.runners.model.FrameworkMethod$1.runReflectiveCall(FrameworkMethod.java:47)&#13;
	at org.junit.internal.runners.model.ReflectiveCallable.run(ReflectiveCallable.java:12)&#13;
	at org.junit.runners.model.FrameworkMethod.invokeExplosively(FrameworkMethod.java:44)&#13;
	at org.junit.internal.runners.statements.InvokeMethod.evaluate(InvokeMethod.java:17)&#13;
	at org.junit.runners.ParentRunner.runLeaf(ParentRunner.java:271)&#13;
	at org.junit.runners.BlockJUnit4ClassRunner.runChild(BlockJUnit4ClassRunner.java:70)&#13;
	at org.junit.runners.BlockJUnit4ClassRunner.runChild(BlockJUnit4ClassRunner.java:50)&#13;
	at org.junit.runners.ParentRunner$3.run(ParentRunner.java:238)&#13;
	at org.junit.runners.ParentRunner$1.schedule(ParentRunner.java:63)&#13;
	at org.junit.runners.ParentRunner.runChildren(ParentRunner.java:236)&#13;
	at org.junit.runners.ParentRunner.access$000(ParentRunner.java:53)&#13;
	at org.junit.runners.ParentRunner$2.evaluate(ParentRunner.java:229)&#13;
	at org.junit.runners.ParentRunner.run(ParentRunner.java:309)&#13;
	at org.junit.runners.Suite.runChild(Suite.java:127)&#13;
	at org.junit.runners.Suite.runChild(Suite.java:26)&#13;
	at org.junit.runners.ParentRunner$3.run(ParentRunner.java:238)&#13;
	at org.junit.runners.ParentRunner$1.schedule(ParentRunner.java:63)&#13;
	at org.junit.runners.ParentRunner.runChildren(ParentRunner.java:236)&#13;
	at org.junit.runners.ParentRunner.access$000(ParentRunner.java:53)&#13;
	at org.junit.runners.ParentRunner$2.evaluate(ParentRunner.java:229)&#13;
	at org.junit.internal.runners.statements.RunBefores.evaluate(RunBefores.java:26)&#13;
	at org.junit.runners.ParentRunner.run(ParentRunner.java:309)&#13;
	at org.eclipse.jdt.internal.junit4.runner.JUnit4TestReference.run(JUnit4TestReference.java:50)&#13;
	at org.eclipse.jdt.internal.junit.runner.TestExecution.run(TestExecution.java:38)&#13;
	at org.eclipse.jdt.internal.junit.runner.RemoteTestRunner.runTests(RemoteTestRunner.java:467)&#13;
	at org.eclipse.jdt.internal.junit.runner.RemoteTestRunner.runTests(RemoteTestRunner.java:683)&#13;
	at org.eclipse.jdt.internal.junit.runner.RemoteTestRunner.run(RemoteTestRunner.java:390)&#13;
	at org.eclipse.jdt.internal.junit.runner.RemoteTestRunner.main(RemoteTestRunner.java:197)&#13;
&#13;
</failure>
      </testcase>
    </testsuite>
    <testsuite name="[CDA 314 !3!.csv]" time="1.347">
      <testcase name="chemistryTests[CDA 314 !3!.csv]" classname="com.sciaps.analysis.LibsAnalyzerTests" time="1.347"/>
    </testsuite>
    <testsuite name="[CDA 314 !4!.csv]" time="1.211">
      <testcase name="chemistryTests[CDA 314 !4!.csv]" classname="com.sciaps.analysis.LibsAnalyzerTests" time="1.21"/>
    </testsuite>
    <testsuite name="[CDA 314 !5!.csv]" time="1.304">
      <testcase name="chemistryTests[CDA 314 !5!.csv]" classname="com.sciaps.analysis.LibsAnalyzerTests" time="1.304"/>
    </testsuite>
    <testsuite name="[CDA 314 !6!.csv]" time="1.431">
      <testcase name="chemistryTests[CDA 314 !6!.csv]" classname="com.sciaps.analysis.LibsAnalyzerTests" time="1.431">
        <failure>
          <expected>CDA 314</expected>
          <actual>CDA 836</actual>org.junit.ComparisonFailure: expected:&lt;CDA [314]&gt; but was:&lt;CDA [836]&gt;&#13;
	at org.junit.Assert.assertEquals(Assert.java:115)&#13;
	at org.junit.Assert.assertEquals(Assert.java:144)&#13;
	at com.sciaps.analysis.LibsAnalyzerTests.chemistryTests(LibsAnalyzerTests.java:121)&#13;
	at sun.reflect.GeneratedMethodAccessor4.invoke(Unknown Source)&#13;
	at sun.reflect.DelegatingMethodAccessorImpl.invoke(DelegatingMethodAccessorImpl.java:43)&#13;
	at java.lang.reflect.Method.invoke(Method.java:606)&#13;
	at org.junit.runners.model.FrameworkMethod$1.runReflectiveCall(FrameworkMethod.java:47)&#13;
	at org.junit.internal.runners.model.ReflectiveCallable.run(ReflectiveCallable.java:12)&#13;
	at org.junit.runners.model.FrameworkMethod.invokeExplosively(FrameworkMethod.java:44)&#13;
	at org.junit.internal.runners.statements.InvokeMethod.evaluate(InvokeMethod.java:17)&#13;
	at org.junit.runners.ParentRunner.runLeaf(ParentRunner.java:271)&#13;
	at org.junit.runners.BlockJUnit4ClassRunner.runChild(BlockJUnit4ClassRunner.java:70)&#13;
	at org.junit.runners.BlockJUnit4ClassRunner.runChild(BlockJUnit4ClassRunner.java:50)&#13;
	at org.junit.runners.ParentRunner$3.run(ParentRunner.java:238)&#13;
	at org.junit.runners.ParentRunner$1.schedule(ParentRunner.java:63)&#13;
	at org.junit.runners.ParentRunner.runChildren(ParentRunner.java:236)&#13;
	at org.junit.runners.ParentRunner.access$000(ParentRunner.java:53)&#13;
	at org.junit.runners.ParentRunner$2.evaluate(ParentRunner.java:229)&#13;
	at org.junit.runners.ParentRunner.run(ParentRunner.java:309)&#13;
	at org.junit.runners.Suite.runChild(Suite.java:127)&#13;
	at org.junit.runners.Suite.runChild(Suite.java:26)&#13;
	at org.junit.runners.ParentRunner$3.run(ParentRunner.java:238)&#13;
	at org.junit.runners.ParentRunner$1.schedule(ParentRunner.java:63)&#13;
	at org.junit.runners.ParentRunner.runChildren(ParentRunner.java:236)&#13;
	at org.junit.runners.ParentRunner.access$000(ParentRunner.java:53)&#13;
	at org.junit.runners.ParentRunner$2.evaluate(ParentRunner.java:229)&#13;
	at org.junit.internal.runners.statements.RunBefores.evaluate(RunBefores.java:26)&#13;
	at org.junit.runners.ParentRunner.run(ParentRunner.java:309)&#13;
	at org.eclipse.jdt.internal.junit4.runner.JUnit4TestReference.run(JUnit4TestReference.java:50)&#13;
	at org.eclipse.jdt.internal.junit.runner.TestExecution.run(TestExecution.java:38)&#13;
	at org.eclipse.jdt.internal.junit.runner.RemoteTestRunner.runTests(RemoteTestRunner.java:467)&#13;
	at org.eclipse.jdt.internal.junit.runner.RemoteTestRunner.runTests(RemoteTestRunner.java:683)&#13;
	at org.eclipse.jdt.internal.junit.runner.RemoteTestRunner.run(RemoteTestRunner.java:390)&#13;
	at org.eclipse.jdt.internal.junit.runner.RemoteTestRunner.main(RemoteTestRunner.java:197)&#13;
&#13;
</failure>
      </testcase>
    </testsuite>
    <testsuite name="[CDA 360 !1!.csv]" time="1.583">
      <testcase name="chemistryTests[CDA 360 !1!.csv]" classname="com.sciaps.analysis.LibsAnalyzerTests" time="1.583"/>
    </testsuite>
    <testsuite name="[CDA 360 !2!.csv]" time="1.431">
      <testcase name="chemistryTests[CDA 360 !2!.csv]" classname="com.sciaps.analysis.LibsAnalyzerTests" time="1.431"/>
    </testsuite>
    <testsuite name="[CDA 360 !3!.csv]" time="1.554">
      <testcase name="chemistryTests[CDA 360 !3!.csv]" classname="com.sciaps.analysis.LibsAnalyzerTests" time="1.554"/>
    </testsuite>
    <testsuite name="[CDA 360 !4!.csv]" time="1.306">
      <testcase name="chemistryTests[CDA 360 !4!.csv]" classname="com.sciaps.analysis.LibsAnalyzerTests" time="1.306"/>
    </testsuite>
    <testsuite name="[CDA 360 !5!.csv]" time="1.446">
      <testcase name="chemistryTests[CDA 360 !5!.csv]" classname="com.sciaps.analysis.LibsAnalyzerTests" time="1.446"/>
    </testsuite>
    <testsuite name="[CDA 360 !6!.csv]" time="1.145">
      <testcase name="chemistryTests[CDA 360 !6!.csv]" classname="com.sciaps.analysis.LibsAnalyzerTests" time="1.145"/>
    </testsuite>
    <testsuite name="[CDA 464 !1!.csv]" time="1.721">
      <testcase name="chemistryTests[CDA 464 !1!.csv]" classname="com.sciaps.analysis.LibsAnalyzerTests" time="1.721"/>
    </testsuite>
    <testsuite name="[CDA 464 !2!.csv]" time="1.586">
      <testcase name="chemistryTests[CDA 464 !2!.csv]" classname="com.sciaps.analysis.LibsAnalyzerTests" time="1.586"/>
    </testsuite>
    <testsuite name="[CDA 464 !3!.csv]" time="1.758">
      <testcase name="chemistryTests[CDA 464 !3!.csv]" classname="com.sciaps.analysis.LibsAnalyzerTests" time="1.758"/>
    </testsuite>
    <testsuite name="[CDA 464 !4!.csv]" time="1.506">
      <testcase name="chemistryTests[CDA 464 !4!.csv]" classname="com.sciaps.analysis.LibsAnalyzerTests" time="1.506"/>
    </testsuite>
    <testsuite name="[CDA 464 !5!.csv]" time="1.575">
      <testcase name="chemistryTests[CDA 464 !5!.csv]" classname="com.sciaps.analysis.LibsAnalyzerTests" time="1.575"/>
    </testsuite>
    <testsuite name="[CDA 464 !6!.csv]" time="1.45">
      <testcase name="chemistryTests[CDA 464 !6!.csv]" classname="com.sciaps.analysis.LibsAnalyzerTests" time="1.45"/>
    </testsuite>
    <testsuite name="[CDA 510 !1!.csv]" time="1.508">
      <testcase name="chemistryTests[CDA 510 !1!.csv]" classname="com.sciaps.analysis.LibsAnalyzerTests" time="1.508">
        <failure>java.lang.AssertionError: Assay Missing&#13;
	at org.junit.Assert.fail(Assert.java:88)&#13;
	at org.junit.Assert.assertTrue(Assert.java:41)&#13;
	at org.junit.Assert.assertNotNull(Assert.java:621)&#13;
	at com.sciaps.analysis.LibsAnalyzerTests.chemistryTests(LibsAnalyzerTests.java:123)&#13;
	at sun.reflect.GeneratedMethodAccessor4.invoke(Unknown Source)&#13;
	at sun.reflect.DelegatingMethodAccessorImpl.invoke(DelegatingMethodAccessorImpl.java:43)&#13;
	at java.lang.reflect.Method.invoke(Method.java:606)&#13;
	at org.junit.runners.model.FrameworkMethod$1.runReflectiveCall(FrameworkMethod.java:47)&#13;
	at org.junit.internal.runners.model.ReflectiveCallable.run(ReflectiveCallable.java:12)&#13;
	at org.junit.runners.model.FrameworkMethod.invokeExplosively(FrameworkMethod.java:44)&#13;
	at org.junit.internal.runners.statements.InvokeMethod.evaluate(InvokeMethod.java:17)&#13;
	at org.junit.runners.ParentRunner.runLeaf(ParentRunner.java:271)&#13;
	at org.junit.runners.BlockJUnit4ClassRunner.runChild(BlockJUnit4ClassRunner.java:70)&#13;
	at org.junit.runners.BlockJUnit4ClassRunner.runChild(BlockJUnit4ClassRunner.java:50)&#13;
	at org.junit.runners.ParentRunner$3.run(ParentRunner.java:238)&#13;
	at org.junit.runners.ParentRunner$1.schedule(ParentRunner.java:63)&#13;
	at org.junit.runners.ParentRunner.runChildren(ParentRunner.java:236)&#13;
	at org.junit.runners.ParentRunner.access$000(ParentRunner.java:53)&#13;
	at org.junit.runners.ParentRunner$2.evaluate(ParentRunner.java:229)&#13;
	at org.junit.runners.ParentRunner.run(ParentRunner.java:309)&#13;
	at org.junit.runners.Suite.runChild(Suite.java:127)&#13;
	at org.junit.runners.Suite.runChild(Suite.java:26)&#13;
	at org.junit.runners.ParentRunner$3.run(ParentRunner.java:238)&#13;
	at org.junit.runners.ParentRunner$1.schedule(ParentRunner.java:63)&#13;
	at org.junit.runners.ParentRunner.runChildren(ParentRunner.java:236)&#13;
	at org.junit.runners.ParentRunner.access$000(ParentRunner.java:53)&#13;
	at org.junit.runners.ParentRunner$2.evaluate(ParentRunner.java:229)&#13;
	at org.junit.internal.runners.statements.RunBefores.evaluate(RunBefores.java:26)&#13;
	at org.junit.runners.ParentRunner.run(ParentRunner.java:309)&#13;
	at org.eclipse.jdt.internal.junit4.runner.JUnit4TestReference.run(JUnit4TestReference.java:50)&#13;
	at org.eclipse.jdt.internal.junit.runner.TestExecution.run(TestExecution.java:38)&#13;
	at org.eclipse.jdt.internal.junit.runner.RemoteTestRunner.runTests(RemoteTestRunner.java:467)&#13;
	at org.eclipse.jdt.internal.junit.runner.RemoteTestRunner.runTests(RemoteTestRunner.java:683)&#13;
	at org.eclipse.jdt.internal.junit.runner.RemoteTestRunner.run(RemoteTestRunner.java:390)&#13;
	at org.eclipse.jdt.internal.junit.runner.RemoteTestRunner.main(RemoteTestRunner.java:197)&#13;
&#13;
</failure>
      </testcase>
    </testsuite>
    <testsuite name="[CDA 510 !2!.csv]" time="1.521">
      <testcase name="chemistryTests[CDA 510 !2!.csv]" classname="com.sciaps.analysis.LibsAnalyzerTests" time="1.521">
        <failure>java.lang.AssertionError: Assay Missing&#13;
	at org.junit.Assert.fail(Assert.java:88)&#13;
	at org.junit.Assert.assertTrue(Assert.java:41)&#13;
	at org.junit.Assert.assertNotNull(Assert.java:621)&#13;
	at com.sciaps.analysis.LibsAnalyzerTests.chemistryTests(LibsAnalyzerTests.java:123)&#13;
	at sun.reflect.GeneratedMethodAccessor4.invoke(Unknown Source)&#13;
	at sun.reflect.DelegatingMethodAccessorImpl.invoke(DelegatingMethodAccessorImpl.java:43)&#13;
	at java.lang.reflect.Method.invoke(Method.java:606)&#13;
	at org.junit.runners.model.FrameworkMethod$1.runReflectiveCall(FrameworkMethod.java:47)&#13;
	at org.junit.internal.runners.model.ReflectiveCallable.run(ReflectiveCallable.java:12)&#13;
	at org.junit.runners.model.FrameworkMethod.invokeExplosively(FrameworkMethod.java:44)&#13;
	at org.junit.internal.runners.statements.InvokeMethod.evaluate(InvokeMethod.java:17)&#13;
	at org.junit.runners.ParentRunner.runLeaf(ParentRunner.java:271)&#13;
	at org.junit.runners.BlockJUnit4ClassRunner.runChild(BlockJUnit4ClassRunner.java:70)&#13;
	at org.junit.runners.BlockJUnit4ClassRunner.runChild(BlockJUnit4ClassRunner.java:50)&#13;
	at org.junit.runners.ParentRunner$3.run(ParentRunner.java:238)&#13;
	at org.junit.runners.ParentRunner$1.schedule(ParentRunner.java:63)&#13;
	at org.junit.runners.ParentRunner.runChildren(ParentRunner.java:236)&#13;
	at org.junit.runners.ParentRunner.access$000(ParentRunner.java:53)&#13;
	at org.junit.runners.ParentRunner$2.evaluate(ParentRunner.java:229)&#13;
	at org.junit.runners.ParentRunner.run(ParentRunner.java:309)&#13;
	at org.junit.runners.Suite.runChild(Suite.java:127)&#13;
	at org.junit.runners.Suite.runChild(Suite.java:26)&#13;
	at org.junit.runners.ParentRunner$3.run(ParentRunner.java:238)&#13;
	at org.junit.runners.ParentRunner$1.schedule(ParentRunner.java:63)&#13;
	at org.junit.runners.ParentRunner.runChildren(ParentRunner.java:236)&#13;
	at org.junit.runners.ParentRunner.access$000(ParentRunner.java:53)&#13;
	at org.junit.runners.ParentRunner$2.evaluate(ParentRunner.java:229)&#13;
	at org.junit.internal.runners.statements.RunBefores.evaluate(RunBefores.java:26)&#13;
	at org.junit.runners.ParentRunner.run(ParentRunner.java:309)&#13;
	at org.eclipse.jdt.internal.junit4.runner.JUnit4TestReference.run(JUnit4TestReference.java:50)&#13;
	at org.eclipse.jdt.internal.junit.runner.TestExecution.run(TestExecution.java:38)&#13;
	at org.eclipse.jdt.internal.junit.runner.RemoteTestRunner.runTests(RemoteTestRunner.java:467)&#13;
	at org.eclipse.jdt.internal.junit.runner.RemoteTestRunner.runTests(RemoteTestRunner.java:683)&#13;
	at org.eclipse.jdt.internal.junit.runner.RemoteTestRunner.run(RemoteTestRunner.java:390)&#13;
	at org.eclipse.jdt.internal.junit.runner.RemoteTestRunner.main(RemoteTestRunner.java:197)&#13;
&#13;
</failure>
      </testcase>
    </testsuite>
    <testsuite name="[CDA 510 !3!.csv]" time="1.526">
      <testcase name="chemistryTests[CDA 510 !3!.csv]" classname="com.sciaps.analysis.LibsAnalyzerTests" time="1.526">
        <failure>java.lang.AssertionError: Assay Missing&#13;
	at org.junit.Assert.fail(Assert.java:88)&#13;
	at org.junit.Assert.assertTrue(Assert.java:41)&#13;
	at org.junit.Assert.assertNotNull(Assert.java:621)&#13;
	at com.sciaps.analysis.LibsAnalyzerTests.chemistryTests(LibsAnalyzerTests.java:123)&#13;
	at sun.reflect.GeneratedMethodAccessor4.invoke(Unknown Source)&#13;
	at sun.reflect.DelegatingMethodAccessorImpl.invoke(DelegatingMethodAccessorImpl.java:43)&#13;
	at java.lang.reflect.Method.invoke(Method.java:606)&#13;
	at org.junit.runners.model.FrameworkMethod$1.runReflectiveCall(FrameworkMethod.java:47)&#13;
	at org.junit.internal.runners.model.ReflectiveCallable.run(ReflectiveCallable.java:12)&#13;
	at org.junit.runners.model.FrameworkMethod.invokeExplosively(FrameworkMethod.java:44)&#13;
	at org.junit.internal.runners.statements.InvokeMethod.evaluate(InvokeMethod.java:17)&#13;
	at org.junit.runners.ParentRunner.runLeaf(ParentRunner.java:271)&#13;
	at org.junit.runners.BlockJUnit4ClassRunner.runChild(BlockJUnit4ClassRunner.java:70)&#13;
	at org.junit.runners.BlockJUnit4ClassRunner.runChild(BlockJUnit4ClassRunner.java:50)&#13;
	at org.junit.runners.ParentRunner$3.run(ParentRunner.java:238)&#13;
	at org.junit.runners.ParentRunner$1.schedule(ParentRunner.java:63)&#13;
	at org.junit.runners.ParentRunner.runChildren(ParentRunner.java:236)&#13;
	at org.junit.runners.ParentRunner.access$000(ParentRunner.java:53)&#13;
	at org.junit.runners.ParentRunner$2.evaluate(ParentRunner.java:229)&#13;
	at org.junit.runners.ParentRunner.run(ParentRunner.java:309)&#13;
	at org.junit.runners.Suite.runChild(Suite.java:127)&#13;
	at org.junit.runners.Suite.runChild(Suite.java:26)&#13;
	at org.junit.runners.ParentRunner$3.run(ParentRunner.java:238)&#13;
	at org.junit.runners.ParentRunner$1.schedule(ParentRunner.java:63)&#13;
	at org.junit.runners.ParentRunner.runChildren(ParentRunner.java:236)&#13;
	at org.junit.runners.ParentRunner.access$000(ParentRunner.java:53)&#13;
	at org.junit.runners.ParentRunner$2.evaluate(ParentRunner.java:229)&#13;
	at org.junit.internal.runners.statements.RunBefores.evaluate(RunBefores.java:26)&#13;
	at org.junit.runners.ParentRunner.run(ParentRunner.java:309)&#13;
	at org.eclipse.jdt.internal.junit4.runner.JUnit4TestReference.run(JUnit4TestReference.java:50)&#13;
	at org.eclipse.jdt.internal.junit.runner.TestExecution.run(TestExecution.java:38)&#13;
	at org.eclipse.jdt.internal.junit.runner.RemoteTestRunner.runTests(RemoteTestRunner.java:467)&#13;
	at org.eclipse.jdt.internal.junit.runner.RemoteTestRunner.runTests(RemoteTestRunner.java:683)&#13;
	at org.eclipse.jdt.internal.junit.runner.RemoteTestRunner.run(RemoteTestRunner.java:390)&#13;
	at org.eclipse.jdt.internal.junit.runner.RemoteTestRunner.main(RemoteTestRunner.java:197)&#13;
&#13;
</failure>
      </testcase>
    </testsuite>
    <testsuite name="[CDA 510 !4!.csv]" time="1.233">
      <testcase name="chemistryTests[CDA 510 !4!.csv]" classname="com.sciaps.analysis.LibsAnalyzerTests" time="1.233">
        <failure>java.lang.AssertionError: Assay Missing&#13;
	at org.junit.Assert.fail(Assert.java:88)&#13;
	at org.junit.Assert.assertTrue(Assert.java:41)&#13;
	at org.junit.Assert.assertNotNull(Assert.java:621)&#13;
	at com.sciaps.analysis.LibsAnalyzerTests.chemistryTests(LibsAnalyzerTests.java:123)&#13;
	at sun.reflect.GeneratedMethodAccessor4.invoke(Unknown Source)&#13;
	at sun.reflect.DelegatingMethodAccessorImpl.invoke(DelegatingMethodAccessorImpl.java:43)&#13;
	at java.lang.reflect.Method.invoke(Method.java:606)&#13;
	at org.junit.runners.model.FrameworkMethod$1.runReflectiveCall(FrameworkMethod.java:47)&#13;
	at org.junit.internal.runners.model.ReflectiveCallable.run(ReflectiveCallable.java:12)&#13;
	at org.junit.runners.model.FrameworkMethod.invokeExplosively(FrameworkMethod.java:44)&#13;
	at org.junit.internal.runners.statements.InvokeMethod.evaluate(InvokeMethod.java:17)&#13;
	at org.junit.runners.ParentRunner.runLeaf(ParentRunner.java:271)&#13;
	at org.junit.runners.BlockJUnit4ClassRunner.runChild(BlockJUnit4ClassRunner.java:70)&#13;
	at org.junit.runners.BlockJUnit4ClassRunner.runChild(BlockJUnit4ClassRunner.java:50)&#13;
	at org.junit.runners.ParentRunner$3.run(ParentRunner.java:238)&#13;
	at org.junit.runners.ParentRunner$1.schedule(ParentRunner.java:63)&#13;
	at org.junit.runners.ParentRunner.runChildren(ParentRunner.java:236)&#13;
	at org.junit.runners.ParentRunner.access$000(ParentRunner.java:53)&#13;
	at org.junit.runners.ParentRunner$2.evaluate(ParentRunner.java:229)&#13;
	at org.junit.runners.ParentRunner.run(ParentRunner.java:309)&#13;
	at org.junit.runners.Suite.runChild(Suite.java:127)&#13;
	at org.junit.runners.Suite.runChild(Suite.java:26)&#13;
	at org.junit.runners.ParentRunner$3.run(ParentRunner.java:238)&#13;
	at org.junit.runners.ParentRunner$1.schedule(ParentRunner.java:63)&#13;
	at org.junit.runners.ParentRunner.runChildren(ParentRunner.java:236)&#13;
	at org.junit.runners.ParentRunner.access$000(ParentRunner.java:53)&#13;
	at org.junit.runners.ParentRunner$2.evaluate(ParentRunner.java:229)&#13;
	at org.junit.internal.runners.statements.RunBefores.evaluate(RunBefores.java:26)&#13;
	at org.junit.runners.ParentRunner.run(ParentRunner.java:309)&#13;
	at org.eclipse.jdt.internal.junit4.runner.JUnit4TestReference.run(JUnit4TestReference.java:50)&#13;
	at org.eclipse.jdt.internal.junit.runner.TestExecution.run(TestExecution.java:38)&#13;
	at org.eclipse.jdt.internal.junit.runner.RemoteTestRunner.runTests(RemoteTestRunner.java:467)&#13;
	at org.eclipse.jdt.internal.junit.runner.RemoteTestRunner.runTests(RemoteTestRunner.java:683)&#13;
	at org.eclipse.jdt.internal.junit.runner.RemoteTestRunner.run(RemoteTestRunner.java:390)&#13;
	at org.eclipse.jdt.internal.junit.runner.RemoteTestRunner.main(RemoteTestRunner.java:197)&#13;
&#13;
</failure>
      </testcase>
    </testsuite>
    <testsuite name="[CDA 510 !5!.csv]" time="1.567">
      <testcase name="chemistryTests[CDA 510 !5!.csv]" classname="com.sciaps.analysis.LibsAnalyzerTests" time="1.567">
        <failure>java.lang.AssertionError: Assay Missing&#13;
	at org.junit.Assert.fail(Assert.java:88)&#13;
	at org.junit.Assert.assertTrue(Assert.java:41)&#13;
	at org.junit.Assert.assertNotNull(Assert.java:621)&#13;
	at com.sciaps.analysis.LibsAnalyzerTests.chemistryTests(LibsAnalyzerTests.java:123)&#13;
	at sun.reflect.GeneratedMethodAccessor4.invoke(Unknown Source)&#13;
	at sun.reflect.DelegatingMethodAccessorImpl.invoke(DelegatingMethodAccessorImpl.java:43)&#13;
	at java.lang.reflect.Method.invoke(Method.java:606)&#13;
	at org.junit.runners.model.FrameworkMethod$1.runReflectiveCall(FrameworkMethod.java:47)&#13;
	at org.junit.internal.runners.model.ReflectiveCallable.run(ReflectiveCallable.java:12)&#13;
	at org.junit.runners.model.FrameworkMethod.invokeExplosively(FrameworkMethod.java:44)&#13;
	at org.junit.internal.runners.statements.InvokeMethod.evaluate(InvokeMethod.java:17)&#13;
	at org.junit.runners.ParentRunner.runLeaf(ParentRunner.java:271)&#13;
	at org.junit.runners.BlockJUnit4ClassRunner.runChild(BlockJUnit4ClassRunner.java:70)&#13;
	at org.junit.runners.BlockJUnit4ClassRunner.runChild(BlockJUnit4ClassRunner.java:50)&#13;
	at org.junit.runners.ParentRunner$3.run(ParentRunner.java:238)&#13;
	at org.junit.runners.ParentRunner$1.schedule(ParentRunner.java:63)&#13;
	at org.junit.runners.ParentRunner.runChildren(ParentRunner.java:236)&#13;
	at org.junit.runners.ParentRunner.access$000(ParentRunner.java:53)&#13;
	at org.junit.runners.ParentRunner$2.evaluate(ParentRunner.java:229)&#13;
	at org.junit.runners.ParentRunner.run(ParentRunner.java:309)&#13;
	at org.junit.runners.Suite.runChild(Suite.java:127)&#13;
	at org.junit.runners.Suite.runChild(Suite.java:26)&#13;
	at org.junit.runners.ParentRunner$3.run(ParentRunner.java:238)&#13;
	at org.junit.runners.ParentRunner$1.schedule(ParentRunner.java:63)&#13;
	at org.junit.runners.ParentRunner.runChildren(ParentRunner.java:236)&#13;
	at org.junit.runners.ParentRunner.access$000(ParentRunner.java:53)&#13;
	at org.junit.runners.ParentRunner$2.evaluate(ParentRunner.java:229)&#13;
	at org.junit.internal.runners.statements.RunBefores.evaluate(RunBefores.java:26)&#13;
	at org.junit.runners.ParentRunner.run(ParentRunner.java:309)&#13;
	at org.eclipse.jdt.internal.junit4.runner.JUnit4TestReference.run(JUnit4TestReference.java:50)&#13;
	at org.eclipse.jdt.internal.junit.runner.TestExecution.run(TestExecution.java:38)&#13;
	at org.eclipse.jdt.internal.junit.runner.RemoteTestRunner.runTests(RemoteTestRunner.java:467)&#13;
	at org.eclipse.jdt.internal.junit.runner.RemoteTestRunner.runTests(RemoteTestRunner.java:683)&#13;
	at org.eclipse.jdt.internal.junit.runner.RemoteTestRunner.run(RemoteTestRunner.java:390)&#13;
	at org.eclipse.jdt.internal.junit.runner.RemoteTestRunner.main(RemoteTestRunner.java:197)&#13;
&#13;
</failure>
      </testcase>
    </testsuite>
    <testsuite name="[CDA 510 !6!.csv]" time="1.44">
      <testcase name="chemistryTests[CDA 510 !6!.csv]" classname="com.sciaps.analysis.LibsAnalyzerTests" time="1.44">
        <failure>java.lang.AssertionError: Assay Missing&#13;
	at org.junit.Assert.fail(Assert.java:88)&#13;
	at org.junit.Assert.assertTrue(Assert.java:41)&#13;
	at org.junit.Assert.assertNotNull(Assert.java:621)&#13;
	at com.sciaps.analysis.LibsAnalyzerTests.chemistryTests(LibsAnalyzerTests.java:123)&#13;
	at sun.reflect.GeneratedMethodAccessor4.invoke(Unknown Source)&#13;
	at sun.reflect.DelegatingMethodAccessorImpl.invoke(DelegatingMethodAccessorImpl.java:43)&#13;
	at java.lang.reflect.Method.invoke(Method.java:606)&#13;
	at org.junit.runners.model.FrameworkMethod$1.runReflectiveCall(FrameworkMethod.java:47)&#13;
	at org.junit.internal.runners.model.ReflectiveCallable.run(ReflectiveCallable.java:12)&#13;
	at org.junit.runners.model.FrameworkMethod.invokeExplosively(FrameworkMethod.java:44)&#13;
	at org.junit.internal.runners.statements.InvokeMethod.evaluate(InvokeMethod.java:17)&#13;
	at org.junit.runners.ParentRunner.runLeaf(ParentRunner.java:271)&#13;
	at org.junit.runners.BlockJUnit4ClassRunner.runChild(BlockJUnit4ClassRunner.java:70)&#13;
	at org.junit.runners.BlockJUnit4ClassRunner.runChild(BlockJUnit4ClassRunner.java:50)&#13;
	at org.junit.runners.ParentRunner$3.run(ParentRunner.java:238)&#13;
	at org.junit.runners.ParentRunner$1.schedule(ParentRunner.java:63)&#13;
	at org.junit.runners.ParentRunner.runChildren(ParentRunner.java:236)&#13;
	at org.junit.runners.ParentRunner.access$000(ParentRunner.java:53)&#13;
	at org.junit.runners.ParentRunner$2.evaluate(ParentRunner.java:229)&#13;
	at org.junit.runners.ParentRunner.run(ParentRunner.java:309)&#13;
	at org.junit.runners.Suite.runChild(Suite.java:127)&#13;
	at org.junit.runners.Suite.runChild(Suite.java:26)&#13;
	at org.junit.runners.ParentRunner$3.run(ParentRunner.java:238)&#13;
	at org.junit.runners.ParentRunner$1.schedule(ParentRunner.java:63)&#13;
	at org.junit.runners.ParentRunner.runChildren(ParentRunner.java:236)&#13;
	at org.junit.runners.ParentRunner.access$000(ParentRunner.java:53)&#13;
	at org.junit.runners.ParentRunner$2.evaluate(ParentRunner.java:229)&#13;
	at org.junit.internal.runners.statements.RunBefores.evaluate(RunBefores.java:26)&#13;
	at org.junit.runners.ParentRunner.run(ParentRunner.java:309)&#13;
	at org.eclipse.jdt.internal.junit4.runner.JUnit4TestReference.run(JUnit4TestReference.java:50)&#13;
	at org.eclipse.jdt.internal.junit.runner.TestExecution.run(TestExecution.java:38)&#13;
	at org.eclipse.jdt.internal.junit.runner.RemoteTestRunner.runTests(RemoteTestRunner.java:467)&#13;
	at org.eclipse.jdt.internal.junit.runner.RemoteTestRunner.runTests(RemoteTestRunner.java:683)&#13;
	at org.eclipse.jdt.internal.junit.runner.RemoteTestRunner.run(RemoteTestRunner.java:390)&#13;
	at org.eclipse.jdt.internal.junit.runner.RemoteTestRunner.main(RemoteTestRunner.java:197)&#13;
&#13;
</failure>
      </testcase>
    </testsuite>
    <testsuite name="[CDA 655 !1!.csv]" time="1.488">
      <testcase name="chemistryTests[CDA 655 !1!.csv]" classname="com.sciaps.analysis.LibsAnalyzerTests" time="1.488"/>
    </testsuite>
    <testsuite name="[CDA 655 !2!.csv]" time="1.368">
      <testcase name="chemistryTests[CDA 655 !2!.csv]" classname="com.sciaps.analysis.LibsAnalyzerTests" time="1.368"/>
    </testsuite>
    <testsuite name="[CDA 655 !3!.csv]" time="1.469">
      <testcase name="chemistryTests[CDA 655 !3!.csv]" classname="com.sciaps.analysis.LibsAnalyzerTests" time="1.469"/>
    </testsuite>
    <testsuite name="[CDA 655 !4!.csv]" time="1.626">
      <testcase name="chemistryTests[CDA 655 !4!.csv]" classname="com.sciaps.analysis.LibsAnalyzerTests" time="1.626"/>
    </testsuite>
    <testsuite name="[CDA 655 !5!.csv]" time="1.615">
      <testcase name="chemistryTests[CDA 655 !5!.csv]" classname="com.sciaps.analysis.LibsAnalyzerTests" time="1.615"/>
    </testsuite>
    <testsuite name="[CDA 655 !6!.csv]" time="1.602">
      <testcase name="chemistryTests[CDA 655 !6!.csv]" classname="com.sciaps.analysis.LibsAnalyzerTests" time="1.602"/>
    </testsuite>
    <testsuite name="[CDA 836 !1!.csv]" time="1.882">
      <testcase name="chemistryTests[CDA 836 !1!.csv]" classname="com.sciaps.analysis.LibsAnalyzerTests" time="1.882"/>
    </testsuite>
    <testsuite name="[CDA 836 !2!.csv]" time="1.226">
      <testcase name="chemistryTests[CDA 836 !2!.csv]" classname="com.sciaps.analysis.LibsAnalyzerTests" time="1.226"/>
    </testsuite>
    <testsuite name="[CDA 836 !3!.csv]" time="1.361">
      <testcase name="chemistryTests[CDA 836 !3!.csv]" classname="com.sciaps.analysis.LibsAnalyzerTests" time="1.361"/>
    </testsuite>
    <testsuite name="[CDA 836 !4!.csv]" time="1.411">
      <testcase name="chemistryTests[CDA 836 !4!.csv]" classname="com.sciaps.analysis.LibsAnalyzerTests" time="1.411"/>
    </testsuite>
    <testsuite name="[CDA 836 !5!.csv]" time="1.614">
      <testcase name="chemistryTests[CDA 836 !5!.csv]" classname="com.sciaps.analysis.LibsAnalyzerTests" time="1.614"/>
    </testsuite>
    <testsuite name="[CDA 836 !6!.csv]" time="1.729">
      <testcase name="chemistryTests[CDA 836 !6!.csv]" classname="com.sciaps.analysis.LibsAnalyzerTests" time="1.729"/>
    </testsuite>
    <testsuite name="[CDA 937 !1!.csv]" time="1.481">
      <testcase name="chemistryTests[CDA 937 !1!.csv]" classname="com.sciaps.analysis.LibsAnalyzerTests" time="1.481"/>
    </testsuite>
    <testsuite name="[CDA 937 !2!.csv]" time="1.536">
      <testcase name="chemistryTests[CDA 937 !2!.csv]" classname="com.sciaps.analysis.LibsAnalyzerTests" time="1.536"/>
    </testsuite>
    <testsuite name="[CDA 937 !3!.csv]" time="1.54">
      <testcase name="chemistryTests[CDA 937 !3!.csv]" classname="com.sciaps.analysis.LibsAnalyzerTests" time="1.54"/>
    </testsuite>
    <testsuite name="[CDA 937 !4!.csv]" time="1.329">
      <testcase name="chemistryTests[CDA 937 !4!.csv]" classname="com.sciaps.analysis.LibsAnalyzerTests" time="1.329"/>
    </testsuite>
    <testsuite name="[CDA 937 !5!.csv]" time="1.552">
      <testcase name="chemistryTests[CDA 937 !5!.csv]" classname="com.sciaps.analysis.LibsAnalyzerTests" time="1.552"/>
    </testsuite>
    <testsuite name="[CDA 937 !6!.csv]" time="1.402">
      <testcase name="chemistryTests[CDA 937 !6!.csv]" classname="com.sciaps.analysis.LibsAnalyzerTests" time="1.402"/>
    </testsuite>
    <testsuite name="[CDA 954 !1!.csv]" time="1.328">
      <testcase name="chemistryTests[CDA 954 !1!.csv]" classname="com.sciaps.analysis.LibsAnalyzerTests" time="1.328"/>
    </testsuite>
    <testsuite name="[CDA 954 !2!.csv]" time="1.478">
      <testcase name="chemistryTests[CDA 954 !2!.csv]" classname="com.sciaps.analysis.LibsAnalyzerTests" time="1.478"/>
    </testsuite>
    <testsuite name="[CDA 954 !3!.csv]" time="1.521">
      <testcase name="chemistryTests[CDA 954 !3!.csv]" classname="com.sciaps.analysis.LibsAnalyzerTests" time="1.521"/>
    </testsuite>
    <testsuite name="[CDA 954 !4!.csv]" time="1.705">
      <testcase name="chemistryTests[CDA 954 !4!.csv]" classname="com.sciaps.analysis.LibsAnalyzerTests" time="1.705"/>
    </testsuite>
    <testsuite name="[CDA 954 !5!.csv]" time="1.487">
      <testcase name="chemistryTests[CDA 954 !5!.csv]" classname="com.sciaps.analysis.LibsAnalyzerTests" time="1.487"/>
    </testsuite>
    <testsuite name="[CDA 954 !6!.csv]" time="1.503">
      <testcase name="chemistryTests[CDA 954 !6!.csv]" classname="com.sciaps.analysis.LibsAnalyzerTests" time="1.503"/>
    </testsuite>
    <testsuite name="[CDA 955 !1!.csv]" time="1.679">
      <testcase name="chemistryTests[CDA 955 !1!.csv]" classname="com.sciaps.analysis.LibsAnalyzerTests" time="1.679"/>
    </testsuite>
    <testsuite name="[CDA 955 !2!.csv]" time="1.635">
      <testcase name="chemistryTests[CDA 955 !2!.csv]" classname="com.sciaps.analysis.LibsAnalyzerTests" time="1.635"/>
    </testsuite>
    <testsuite name="[CDA 955 !3!.csv]" time="1.498">
      <testcase name="chemistryTests[CDA 955 !3!.csv]" classname="com.sciaps.analysis.LibsAnalyzerTests" time="1.498"/>
    </testsuite>
    <testsuite name="[CDA 955 !4!.csv]" time="1.156">
      <testcase name="chemistryTests[CDA 955 !4!.csv]" classname="com.sciaps.analysis.LibsAnalyzerTests" time="1.156"/>
    </testsuite>
    <testsuite name="[CDA 955 !5!.csv]" time="1.551">
      <testcase name="chemistryTests[CDA 955 !5!.csv]" classname="com.sciaps.analysis.LibsAnalyzerTests" time="1.551"/>
    </testsuite>
    <testsuite name="[CDA 955 !6!.csv]" time="2.026">
      <testcase name="chemistryTests[CDA 955 !6!.csv]" classname="com.sciaps.analysis.LibsAnalyzerTests" time="2.026"/>
    </testsuite>
    <testsuite name="[CTIF LH1-1 !1!.csv]" time="1.518">
      <testcase name="chemistryTests[CTIF LH1-1 !1!.csv]" classname="com.sciaps.analysis.LibsAnalyzerTests" time="1.518"/>
    </testsuite>
    <testsuite name="[CTIF LH1-1 !2!.csv]" time="1.332">
      <testcase name="chemistryTests[CTIF LH1-1 !2!.csv]" classname="com.sciaps.analysis.LibsAnalyzerTests" time="1.332"/>
    </testsuite>
    <testsuite name="[CTIF LH1-1 !3!.csv]" time="1.411">
      <testcase name="chemistryTests[CTIF LH1-1 !3!.csv]" classname="com.sciaps.analysis.LibsAnalyzerTests" time="1.411"/>
    </testsuite>
    <testsuite name="[CTIF LH1-1 !4!.csv]" time="1.46">
      <testcase name="chemistryTests[CTIF LH1-1 !4!.csv]" classname="com.sciaps.analysis.LibsAnalyzerTests" time="1.46"/>
    </testsuite>
    <testsuite name="[CTIF LH1-1 !5!.csv]" time="1.886">
      <testcase name="chemistryTests[CTIF LH1-1 !5!.csv]" classname="com.sciaps.analysis.LibsAnalyzerTests" time="1.886"/>
    </testsuite>
    <testsuite name="[CTIF LH1-1 !6!.csv]" time="1.549">
      <testcase name="chemistryTests[CTIF LH1-1 !6!.csv]" classname="com.sciaps.analysis.LibsAnalyzerTests" time="1.549"/>
    </testsuite>
    <testsuite name="[IMN WB1 !1!.csv]" time="1.502">
      <testcase name="chemistryTests[IMN WB1 !1!.csv]" classname="com.sciaps.analysis.LibsAnalyzerTests" time="1.502"/>
    </testsuite>
    <testsuite name="[IMN WB1 !2!.csv]" time="1.532">
      <testcase name="chemistryTests[IMN WB1 !2!.csv]" classname="com.sciaps.analysis.LibsAnalyzerTests" time="1.532"/>
    </testsuite>
    <testsuite name="[IMN WB1 !3!.csv]" time="1.66">
      <testcase name="chemistryTests[IMN WB1 !3!.csv]" classname="com.sciaps.analysis.LibsAnalyzerTests" time="1.66"/>
    </testsuite>
    <testsuite name="[IMN WB1 !4!.csv]" time="1.669">
      <testcase name="chemistryTests[IMN WB1 !4!.csv]" classname="com.sciaps.analysis.LibsAnalyzerTests" time="1.669"/>
    </testsuite>
    <testsuite name="[IMN WB1 !5!.csv]" time="1.562">
      <testcase name="chemistryTests[IMN WB1 !5!.csv]" classname="com.sciaps.analysis.LibsAnalyzerTests" time="1.562"/>
    </testsuite>
    <testsuite name="[IMN WB1 !6!.csv]" time="1.685">
      <testcase name="chemistryTests[IMN WB1 !6!.csv]" classname="com.sciaps.analysis.LibsAnalyzerTests" time="1.685"/>
    </testsuite>
  </testsuite>
</testrun>
