<?xml version="1.0" encoding="UTF-8"?><testrun name="LibsAnalyzerTests" project="SpectrumAnalysis" tests="52" started="52" failures="7" errors="0" ignored="0">
  <testsuite name="com.sciaps.analysis.LibsAnalyzerTests" time="46.907">
    <testsuite name="[1100!2!.csv]" time="0.882">
      <testcase name="chemistryTests[1100!2!.csv]" classname="com.sciaps.analysis.LibsAnalyzerTests" time="0.882">
        <failure>
          <expected>1100</expected>
          <actual>319</actual>org.junit.ComparisonFailure: expected:&lt;[1100]&gt; but was:&lt;[319]&gt;&#13;
	at org.junit.Assert.assertEquals(Assert.java:115)&#13;
	at org.junit.Assert.assertEquals(Assert.java:144)&#13;
	at com.sciaps.analysis.LibsAnalyzerTests.chemistryTests(LibsAnalyzerTests.java:132)&#13;
	at sun.reflect.NativeMethodAccessorImpl.invoke0(Native Method)&#13;
	at sun.reflect.NativeMethodAccessorImpl.invoke(NativeMethodAccessorImpl.java:57)&#13;
	at sun.reflect.DelegatingMethodAccessorImpl.invoke(DelegatingMethodAccessorImpl.java:43)&#13;
	at java.lang.reflect.Method.invoke(Method.java:606)&#13;
	at org.junit.runners.model.FrameworkMethod$1.runReflectiveCall(FrameworkMethod.java:47)&#13;
	at org.junit.internal.runners.model.ReflectiveCallable.run(ReflectiveCallable.java:12)&#13;
	at org.junit.runners.model.FrameworkMethod.invokeExplosively(FrameworkMethod.java:44)&#13;
	at org.junit.internal.runners.statements.InvokeMethod.evaluate(InvokeMethod.java:17)&#13;
	at org.junit.runners.ParentRunner.runLeaf(ParentRunner.java:271)&#13;
	at org.junit.runners.BlockJUnit4ClassRunner.runChild(BlockJUnit4ClassRunner.java:70)&#13;
	at org.junit.runners.BlockJUnit4ClassRunner.runChild(BlockJUnit4ClassRunner.java:50)&#13;
	at org.junit.runners.ParentRunner$3.run(ParentRunner.java:238)&#13;
	at org.junit.runners.ParentRunner$1.schedule(ParentRunner.java:63)&#13;
	at org.junit.runners.ParentRunner.runChildren(ParentRunner.java:236)&#13;
	at org.junit.runners.ParentRunner.access$000(ParentRunner.java:53)&#13;
	at org.junit.runners.ParentRunner$2.evaluate(ParentRunner.java:229)&#13;
	at org.junit.runners.ParentRunner.run(ParentRunner.java:309)&#13;
	at org.junit.runners.Suite.runChild(Suite.java:127)&#13;
	at org.junit.runners.Suite.runChild(Suite.java:26)&#13;
	at org.junit.runners.ParentRunner$3.run(ParentRunner.java:238)&#13;
	at org.junit.runners.ParentRunner$1.schedule(ParentRunner.java:63)&#13;
	at org.junit.runners.ParentRunner.runChildren(ParentRunner.java:236)&#13;
	at org.junit.runners.ParentRunner.access$000(ParentRunner.java:53)&#13;
	at org.junit.runners.ParentRunner$2.evaluate(ParentRunner.java:229)&#13;
	at org.junit.internal.runners.statements.RunBefores.evaluate(RunBefores.java:26)&#13;
	at org.junit.runners.ParentRunner.run(ParentRunner.java:309)&#13;
	at org.eclipse.jdt.internal.junit4.runner.JUnit4TestReference.run(JUnit4TestReference.java:50)&#13;
	at org.eclipse.jdt.internal.junit.runner.TestExecution.run(TestExecution.java:38)&#13;
	at org.eclipse.jdt.internal.junit.runner.RemoteTestRunner.runTests(RemoteTestRunner.java:467)&#13;
	at org.eclipse.jdt.internal.junit.runner.RemoteTestRunner.runTests(RemoteTestRunner.java:683)&#13;
	at org.eclipse.jdt.internal.junit.runner.RemoteTestRunner.run(RemoteTestRunner.java:390)&#13;
	at org.eclipse.jdt.internal.junit.runner.RemoteTestRunner.main(RemoteTestRunner.java:197)&#13;
&#13;
</failure>
      </testcase>
    </testsuite>
    <testsuite name="[1100!3!.csv]" time="0.546">
      <testcase name="chemistryTests[1100!3!.csv]" classname="com.sciaps.analysis.LibsAnalyzerTests" time="0.546"/>
    </testsuite>
    <testsuite name="[2014!2!.csv]" time="0.338">
      <testcase name="chemistryTests[2014!2!.csv]" classname="com.sciaps.analysis.LibsAnalyzerTests" time="0.338">
        <failure>
          <expected>2014</expected>
          <actual>206S</actual>org.junit.ComparisonFailure: expected:&lt;20[14]&gt; but was:&lt;20[6S]&gt;&#13;
	at org.junit.Assert.assertEquals(Assert.java:115)&#13;
	at org.junit.Assert.assertEquals(Assert.java:144)&#13;
	at com.sciaps.analysis.LibsAnalyzerTests.chemistryTests(LibsAnalyzerTests.java:132)&#13;
	at sun.reflect.NativeMethodAccessorImpl.invoke0(Native Method)&#13;
	at sun.reflect.NativeMethodAccessorImpl.invoke(NativeMethodAccessorImpl.java:57)&#13;
	at sun.reflect.DelegatingMethodAccessorImpl.invoke(DelegatingMethodAccessorImpl.java:43)&#13;
	at java.lang.reflect.Method.invoke(Method.java:606)&#13;
	at org.junit.runners.model.FrameworkMethod$1.runReflectiveCall(FrameworkMethod.java:47)&#13;
	at org.junit.internal.runners.model.ReflectiveCallable.run(ReflectiveCallable.java:12)&#13;
	at org.junit.runners.model.FrameworkMethod.invokeExplosively(FrameworkMethod.java:44)&#13;
	at org.junit.internal.runners.statements.InvokeMethod.evaluate(InvokeMethod.java:17)&#13;
	at org.junit.runners.ParentRunner.runLeaf(ParentRunner.java:271)&#13;
	at org.junit.runners.BlockJUnit4ClassRunner.runChild(BlockJUnit4ClassRunner.java:70)&#13;
	at org.junit.runners.BlockJUnit4ClassRunner.runChild(BlockJUnit4ClassRunner.java:50)&#13;
	at org.junit.runners.ParentRunner$3.run(ParentRunner.java:238)&#13;
	at org.junit.runners.ParentRunner$1.schedule(ParentRunner.java:63)&#13;
	at org.junit.runners.ParentRunner.runChildren(ParentRunner.java:236)&#13;
	at org.junit.runners.ParentRunner.access$000(ParentRunner.java:53)&#13;
	at org.junit.runners.ParentRunner$2.evaluate(ParentRunner.java:229)&#13;
	at org.junit.runners.ParentRunner.run(ParentRunner.java:309)&#13;
	at org.junit.runners.Suite.runChild(Suite.java:127)&#13;
	at org.junit.runners.Suite.runChild(Suite.java:26)&#13;
	at org.junit.runners.ParentRunner$3.run(ParentRunner.java:238)&#13;
	at org.junit.runners.ParentRunner$1.schedule(ParentRunner.java:63)&#13;
	at org.junit.runners.ParentRunner.runChildren(ParentRunner.java:236)&#13;
	at org.junit.runners.ParentRunner.access$000(ParentRunner.java:53)&#13;
	at org.junit.runners.ParentRunner$2.evaluate(ParentRunner.java:229)&#13;
	at org.junit.internal.runners.statements.RunBefores.evaluate(RunBefores.java:26)&#13;
	at org.junit.runners.ParentRunner.run(ParentRunner.java:309)&#13;
	at org.eclipse.jdt.internal.junit4.runner.JUnit4TestReference.run(JUnit4TestReference.java:50)&#13;
	at org.eclipse.jdt.internal.junit.runner.TestExecution.run(TestExecution.java:38)&#13;
	at org.eclipse.jdt.internal.junit.runner.RemoteTestRunner.runTests(RemoteTestRunner.java:467)&#13;
	at org.eclipse.jdt.internal.junit.runner.RemoteTestRunner.runTests(RemoteTestRunner.java:683)&#13;
	at org.eclipse.jdt.internal.junit.runner.RemoteTestRunner.run(RemoteTestRunner.java:390)&#13;
	at org.eclipse.jdt.internal.junit.runner.RemoteTestRunner.main(RemoteTestRunner.java:197)&#13;
&#13;
</failure>
      </testcase>
    </testsuite>
    <testsuite name="[2014!3!.csv]" time="0.506">
      <testcase name="chemistryTests[2014!3!.csv]" classname="com.sciaps.analysis.LibsAnalyzerTests" time="0.506"/>
    </testsuite>
    <testsuite name="[6061!2!.csv]" time="0.406">
      <testcase name="chemistryTests[6061!2!.csv]" classname="com.sciaps.analysis.LibsAnalyzerTests" time="0.406"/>
    </testsuite>
    <testsuite name="[6061!3!.csv]" time="0.387">
      <testcase name="chemistryTests[6061!3!.csv]" classname="com.sciaps.analysis.LibsAnalyzerTests" time="0.387"/>
    </testsuite>
    <testsuite name="[6063!2!.csv]" time="0.545">
      <testcase name="chemistryTests[6063!2!.csv]" classname="com.sciaps.analysis.LibsAnalyzerTests" time="0.545"/>
    </testsuite>
    <testsuite name="[6063!3!.csv]" time="0.507">
      <testcase name="chemistryTests[6063!3!.csv]" classname="com.sciaps.analysis.LibsAnalyzerTests" time="0.507"/>
    </testsuite>
    <testsuite name="[7050!2!.csv]" time="0.428">
      <testcase name="chemistryTests[7050!2!.csv]" classname="com.sciaps.analysis.LibsAnalyzerTests" time="0.428"/>
    </testsuite>
    <testsuite name="[7057!3!.csv]" time="0.387">
      <testcase name="chemistryTests[7057!3!.csv]" classname="com.sciaps.analysis.LibsAnalyzerTests" time="0.387">
        <failure>
          <expected>7057</expected>
          <actual>7075</actual>org.junit.ComparisonFailure: expected:&lt;70[57]&gt; but was:&lt;70[75]&gt;&#13;
	at org.junit.Assert.assertEquals(Assert.java:115)&#13;
	at org.junit.Assert.assertEquals(Assert.java:144)&#13;
	at com.sciaps.analysis.LibsAnalyzerTests.chemistryTests(LibsAnalyzerTests.java:132)&#13;
	at sun.reflect.NativeMethodAccessorImpl.invoke0(Native Method)&#13;
	at sun.reflect.NativeMethodAccessorImpl.invoke(NativeMethodAccessorImpl.java:57)&#13;
	at sun.reflect.DelegatingMethodAccessorImpl.invoke(DelegatingMethodAccessorImpl.java:43)&#13;
	at java.lang.reflect.Method.invoke(Method.java:606)&#13;
	at org.junit.runners.model.FrameworkMethod$1.runReflectiveCall(FrameworkMethod.java:47)&#13;
	at org.junit.internal.runners.model.ReflectiveCallable.run(ReflectiveCallable.java:12)&#13;
	at org.junit.runners.model.FrameworkMethod.invokeExplosively(FrameworkMethod.java:44)&#13;
	at org.junit.internal.runners.statements.InvokeMethod.evaluate(InvokeMethod.java:17)&#13;
	at org.junit.runners.ParentRunner.runLeaf(ParentRunner.java:271)&#13;
	at org.junit.runners.BlockJUnit4ClassRunner.runChild(BlockJUnit4ClassRunner.java:70)&#13;
	at org.junit.runners.BlockJUnit4ClassRunner.runChild(BlockJUnit4ClassRunner.java:50)&#13;
	at org.junit.runners.ParentRunner$3.run(ParentRunner.java:238)&#13;
	at org.junit.runners.ParentRunner$1.schedule(ParentRunner.java:63)&#13;
	at org.junit.runners.ParentRunner.runChildren(ParentRunner.java:236)&#13;
	at org.junit.runners.ParentRunner.access$000(ParentRunner.java:53)&#13;
	at org.junit.runners.ParentRunner$2.evaluate(ParentRunner.java:229)&#13;
	at org.junit.runners.ParentRunner.run(ParentRunner.java:309)&#13;
	at org.junit.runners.Suite.runChild(Suite.java:127)&#13;
	at org.junit.runners.Suite.runChild(Suite.java:26)&#13;
	at org.junit.runners.ParentRunner$3.run(ParentRunner.java:238)&#13;
	at org.junit.runners.ParentRunner$1.schedule(ParentRunner.java:63)&#13;
	at org.junit.runners.ParentRunner.runChildren(ParentRunner.java:236)&#13;
	at org.junit.runners.ParentRunner.access$000(ParentRunner.java:53)&#13;
	at org.junit.runners.ParentRunner$2.evaluate(ParentRunner.java:229)&#13;
	at org.junit.internal.runners.statements.RunBefores.evaluate(RunBefores.java:26)&#13;
	at org.junit.runners.ParentRunner.run(ParentRunner.java:309)&#13;
	at org.eclipse.jdt.internal.junit4.runner.JUnit4TestReference.run(JUnit4TestReference.java:50)&#13;
	at org.eclipse.jdt.internal.junit.runner.TestExecution.run(TestExecution.java:38)&#13;
	at org.eclipse.jdt.internal.junit.runner.RemoteTestRunner.runTests(RemoteTestRunner.java:467)&#13;
	at org.eclipse.jdt.internal.junit.runner.RemoteTestRunner.runTests(RemoteTestRunner.java:683)&#13;
	at org.eclipse.jdt.internal.junit.runner.RemoteTestRunner.run(RemoteTestRunner.java:390)&#13;
	at org.eclipse.jdt.internal.junit.runner.RemoteTestRunner.main(RemoteTestRunner.java:197)&#13;
&#13;
</failure>
      </testcase>
    </testsuite>
    <testsuite name="[7075!2!.csv]" time="0.526">
      <testcase name="chemistryTests[7075!2!.csv]" classname="com.sciaps.analysis.LibsAnalyzerTests" time="0.526"/>
    </testsuite>
    <testsuite name="[7075!3!.csv]" time="0.401">
      <testcase name="chemistryTests[7075!3!.csv]" classname="com.sciaps.analysis.LibsAnalyzerTests" time="0.401"/>
    </testsuite>
    <testsuite name="[Alloy 400!1!.csv]" time="0.43">
      <testcase name="chemistryTests[Alloy 400!1!.csv]" classname="com.sciaps.analysis.LibsAnalyzerTests" time="0.43"/>
    </testsuite>
    <testsuite name="[Alloy 400!3!.csv]" time="0.408">
      <testcase name="chemistryTests[Alloy 400!3!.csv]" classname="com.sciaps.analysis.LibsAnalyzerTests" time="0.408"/>
    </testsuite>
    <testsuite name="[Alloy 400!4!.csv]" time="0.385">
      <testcase name="chemistryTests[Alloy 400!4!.csv]" classname="com.sciaps.analysis.LibsAnalyzerTests" time="0.385"/>
    </testsuite>
    <testsuite name="[Alloy 400!5!.csv]" time="0.391">
      <testcase name="chemistryTests[Alloy 400!5!.csv]" classname="com.sciaps.analysis.LibsAnalyzerTests" time="0.391"/>
    </testsuite>
    <testsuite name="[Alloy 500!1!.csv]" time="0.393">
      <testcase name="chemistryTests[Alloy 500!1!.csv]" classname="com.sciaps.analysis.LibsAnalyzerTests" time="0.393"/>
    </testsuite>
    <testsuite name="[Alloy 500!2!.csv]" time="0.371">
      <testcase name="chemistryTests[Alloy 500!2!.csv]" classname="com.sciaps.analysis.LibsAnalyzerTests" time="0.371"/>
    </testsuite>
    <testsuite name="[Alloy 600!1!.csv]" time="0.398">
      <testcase name="chemistryTests[Alloy 600!1!.csv]" classname="com.sciaps.analysis.LibsAnalyzerTests" time="0.398"/>
    </testsuite>
    <testsuite name="[Alloy 600!2!.csv]" time="0.41">
      <testcase name="chemistryTests[Alloy 600!2!.csv]" classname="com.sciaps.analysis.LibsAnalyzerTests" time="0.41"/>
    </testsuite>
    <testsuite name="[Alloy 625 !2!.csv]" time="0.352">
      <testcase name="chemistryTests[Alloy 625 !2!.csv]" classname="com.sciaps.analysis.LibsAnalyzerTests" time="0.352"/>
    </testsuite>
    <testsuite name="[Alloy 625!1!.csv]" time="0.372">
      <testcase name="chemistryTests[Alloy 625!1!.csv]" classname="com.sciaps.analysis.LibsAnalyzerTests" time="0.372"/>
    </testsuite>
    <testsuite name="[Alloy 718!1!.csv]" time="0.417">
      <testcase name="chemistryTests[Alloy 718!1!.csv]" classname="com.sciaps.analysis.LibsAnalyzerTests" time="0.417"/>
    </testsuite>
    <testsuite name="[Alloy 718!2!.csv]" time="0.364">
      <testcase name="chemistryTests[Alloy 718!2!.csv]" classname="com.sciaps.analysis.LibsAnalyzerTests" time="0.364"/>
    </testsuite>
    <testsuite name="[Alloy 800!1!.csv]" time="0.298">
      <testcase name="chemistryTests[Alloy 800!1!.csv]" classname="com.sciaps.analysis.LibsAnalyzerTests" time="0.298">
        <failure>java.lang.AssertionError: expected:&lt;Nickel&gt; but was:&lt;None&gt;&#13;
	at org.junit.Assert.fail(Assert.java:88)&#13;
	at org.junit.Assert.failNotEquals(Assert.java:743)&#13;
	at org.junit.Assert.assertEquals(Assert.java:118)&#13;
	at org.junit.Assert.assertEquals(Assert.java:144)&#13;
	at com.sciaps.analysis.LibsAnalyzerTests.chemistryTests(LibsAnalyzerTests.java:128)&#13;
	at sun.reflect.GeneratedMethodAccessor4.invoke(Unknown Source)&#13;
	at sun.reflect.DelegatingMethodAccessorImpl.invoke(DelegatingMethodAccessorImpl.java:43)&#13;
	at java.lang.reflect.Method.invoke(Method.java:606)&#13;
	at org.junit.runners.model.FrameworkMethod$1.runReflectiveCall(FrameworkMethod.java:47)&#13;
	at org.junit.internal.runners.model.ReflectiveCallable.run(ReflectiveCallable.java:12)&#13;
	at org.junit.runners.model.FrameworkMethod.invokeExplosively(FrameworkMethod.java:44)&#13;
	at org.junit.internal.runners.statements.InvokeMethod.evaluate(InvokeMethod.java:17)&#13;
	at org.junit.runners.ParentRunner.runLeaf(ParentRunner.java:271)&#13;
	at org.junit.runners.BlockJUnit4ClassRunner.runChild(BlockJUnit4ClassRunner.java:70)&#13;
	at org.junit.runners.BlockJUnit4ClassRunner.runChild(BlockJUnit4ClassRunner.java:50)&#13;
	at org.junit.runners.ParentRunner$3.run(ParentRunner.java:238)&#13;
	at org.junit.runners.ParentRunner$1.schedule(ParentRunner.java:63)&#13;
	at org.junit.runners.ParentRunner.runChildren(ParentRunner.java:236)&#13;
	at org.junit.runners.ParentRunner.access$000(ParentRunner.java:53)&#13;
	at org.junit.runners.ParentRunner$2.evaluate(ParentRunner.java:229)&#13;
	at org.junit.runners.ParentRunner.run(ParentRunner.java:309)&#13;
	at org.junit.runners.Suite.runChild(Suite.java:127)&#13;
	at org.junit.runners.Suite.runChild(Suite.java:26)&#13;
	at org.junit.runners.ParentRunner$3.run(ParentRunner.java:238)&#13;
	at org.junit.runners.ParentRunner$1.schedule(ParentRunner.java:63)&#13;
	at org.junit.runners.ParentRunner.runChildren(ParentRunner.java:236)&#13;
	at org.junit.runners.ParentRunner.access$000(ParentRunner.java:53)&#13;
	at org.junit.runners.ParentRunner$2.evaluate(ParentRunner.java:229)&#13;
	at org.junit.internal.runners.statements.RunBefores.evaluate(RunBefores.java:26)&#13;
	at org.junit.runners.ParentRunner.run(ParentRunner.java:309)&#13;
	at org.eclipse.jdt.internal.junit4.runner.JUnit4TestReference.run(JUnit4TestReference.java:50)&#13;
	at org.eclipse.jdt.internal.junit.runner.TestExecution.run(TestExecution.java:38)&#13;
	at org.eclipse.jdt.internal.junit.runner.RemoteTestRunner.runTests(RemoteTestRunner.java:467)&#13;
	at org.eclipse.jdt.internal.junit.runner.RemoteTestRunner.runTests(RemoteTestRunner.java:683)&#13;
	at org.eclipse.jdt.internal.junit.runner.RemoteTestRunner.run(RemoteTestRunner.java:390)&#13;
	at org.eclipse.jdt.internal.junit.runner.RemoteTestRunner.main(RemoteTestRunner.java:197)&#13;
&#13;
</failure>
      </testcase>
    </testsuite>
    <testsuite name="[Alloy 800!IARM58B!50!!2!.csv]" time="0.295">
      <testcase name="chemistryTests[Alloy 800!IARM58B!50!!2!.csv]" classname="com.sciaps.analysis.LibsAnalyzerTests" time="0.295">
        <failure>java.lang.AssertionError: expected:&lt;Nickel&gt; but was:&lt;None&gt;&#13;
	at org.junit.Assert.fail(Assert.java:88)&#13;
	at org.junit.Assert.failNotEquals(Assert.java:743)&#13;
	at org.junit.Assert.assertEquals(Assert.java:118)&#13;
	at org.junit.Assert.assertEquals(Assert.java:144)&#13;
	at com.sciaps.analysis.LibsAnalyzerTests.chemistryTests(LibsAnalyzerTests.java:128)&#13;
	at sun.reflect.GeneratedMethodAccessor4.invoke(Unknown Source)&#13;
	at sun.reflect.DelegatingMethodAccessorImpl.invoke(DelegatingMethodAccessorImpl.java:43)&#13;
	at java.lang.reflect.Method.invoke(Method.java:606)&#13;
	at org.junit.runners.model.FrameworkMethod$1.runReflectiveCall(FrameworkMethod.java:47)&#13;
	at org.junit.internal.runners.model.ReflectiveCallable.run(ReflectiveCallable.java:12)&#13;
	at org.junit.runners.model.FrameworkMethod.invokeExplosively(FrameworkMethod.java:44)&#13;
	at org.junit.internal.runners.statements.InvokeMethod.evaluate(InvokeMethod.java:17)&#13;
	at org.junit.runners.ParentRunner.runLeaf(ParentRunner.java:271)&#13;
	at org.junit.runners.BlockJUnit4ClassRunner.runChild(BlockJUnit4ClassRunner.java:70)&#13;
	at org.junit.runners.BlockJUnit4ClassRunner.runChild(BlockJUnit4ClassRunner.java:50)&#13;
	at org.junit.runners.ParentRunner$3.run(ParentRunner.java:238)&#13;
	at org.junit.runners.ParentRunner$1.schedule(ParentRunner.java:63)&#13;
	at org.junit.runners.ParentRunner.runChildren(ParentRunner.java:236)&#13;
	at org.junit.runners.ParentRunner.access$000(ParentRunner.java:53)&#13;
	at org.junit.runners.ParentRunner$2.evaluate(ParentRunner.java:229)&#13;
	at org.junit.runners.ParentRunner.run(ParentRunner.java:309)&#13;
	at org.junit.runners.Suite.runChild(Suite.java:127)&#13;
	at org.junit.runners.Suite.runChild(Suite.java:26)&#13;
	at org.junit.runners.ParentRunner$3.run(ParentRunner.java:238)&#13;
	at org.junit.runners.ParentRunner$1.schedule(ParentRunner.java:63)&#13;
	at org.junit.runners.ParentRunner.runChildren(ParentRunner.java:236)&#13;
	at org.junit.runners.ParentRunner.access$000(ParentRunner.java:53)&#13;
	at org.junit.runners.ParentRunner$2.evaluate(ParentRunner.java:229)&#13;
	at org.junit.internal.runners.statements.RunBefores.evaluate(RunBefores.java:26)&#13;
	at org.junit.runners.ParentRunner.run(ParentRunner.java:309)&#13;
	at org.eclipse.jdt.internal.junit4.runner.JUnit4TestReference.run(JUnit4TestReference.java:50)&#13;
	at org.eclipse.jdt.internal.junit.runner.TestExecution.run(TestExecution.java:38)&#13;
	at org.eclipse.jdt.internal.junit.runner.RemoteTestRunner.runTests(RemoteTestRunner.java:467)&#13;
	at org.eclipse.jdt.internal.junit.runner.RemoteTestRunner.runTests(RemoteTestRunner.java:683)&#13;
	at org.eclipse.jdt.internal.junit.runner.RemoteTestRunner.run(RemoteTestRunner.java:390)&#13;
	at org.eclipse.jdt.internal.junit.runner.RemoteTestRunner.main(RemoteTestRunner.java:197)&#13;
&#13;
</failure>
      </testcase>
    </testsuite>
    <testsuite name="[Alloy 909 !2!.csv]" time="0.37">
      <testcase name="chemistryTests[Alloy 909 !2!.csv]" classname="com.sciaps.analysis.LibsAnalyzerTests" time="0.37">
        <failure>java.lang.AssertionError: Assay Missing&#13;
	at org.junit.Assert.fail(Assert.java:88)&#13;
	at org.junit.Assert.assertTrue(Assert.java:41)&#13;
	at org.junit.Assert.assertNotNull(Assert.java:621)&#13;
	at com.sciaps.analysis.LibsAnalyzerTests.chemistryTests(LibsAnalyzerTests.java:134)&#13;
	at sun.reflect.GeneratedMethodAccessor4.invoke(Unknown Source)&#13;
	at sun.reflect.DelegatingMethodAccessorImpl.invoke(DelegatingMethodAccessorImpl.java:43)&#13;
	at java.lang.reflect.Method.invoke(Method.java:606)&#13;
	at org.junit.runners.model.FrameworkMethod$1.runReflectiveCall(FrameworkMethod.java:47)&#13;
	at org.junit.internal.runners.model.ReflectiveCallable.run(ReflectiveCallable.java:12)&#13;
	at org.junit.runners.model.FrameworkMethod.invokeExplosively(FrameworkMethod.java:44)&#13;
	at org.junit.internal.runners.statements.InvokeMethod.evaluate(InvokeMethod.java:17)&#13;
	at org.junit.runners.ParentRunner.runLeaf(ParentRunner.java:271)&#13;
	at org.junit.runners.BlockJUnit4ClassRunner.runChild(BlockJUnit4ClassRunner.java:70)&#13;
	at org.junit.runners.BlockJUnit4ClassRunner.runChild(BlockJUnit4ClassRunner.java:50)&#13;
	at org.junit.runners.ParentRunner$3.run(ParentRunner.java:238)&#13;
	at org.junit.runners.ParentRunner$1.schedule(ParentRunner.java:63)&#13;
	at org.junit.runners.ParentRunner.runChildren(ParentRunner.java:236)&#13;
	at org.junit.runners.ParentRunner.access$000(ParentRunner.java:53)&#13;
	at org.junit.runners.ParentRunner$2.evaluate(ParentRunner.java:229)&#13;
	at org.junit.runners.ParentRunner.run(ParentRunner.java:309)&#13;
	at org.junit.runners.Suite.runChild(Suite.java:127)&#13;
	at org.junit.runners.Suite.runChild(Suite.java:26)&#13;
	at org.junit.runners.ParentRunner$3.run(ParentRunner.java:238)&#13;
	at org.junit.runners.ParentRunner$1.schedule(ParentRunner.java:63)&#13;
	at org.junit.runners.ParentRunner.runChildren(ParentRunner.java:236)&#13;
	at org.junit.runners.ParentRunner.access$000(ParentRunner.java:53)&#13;
	at org.junit.runners.ParentRunner$2.evaluate(ParentRunner.java:229)&#13;
	at org.junit.internal.runners.statements.RunBefores.evaluate(RunBefores.java:26)&#13;
	at org.junit.runners.ParentRunner.run(ParentRunner.java:309)&#13;
	at org.eclipse.jdt.internal.junit4.runner.JUnit4TestReference.run(JUnit4TestReference.java:50)&#13;
	at org.eclipse.jdt.internal.junit.runner.TestExecution.run(TestExecution.java:38)&#13;
	at org.eclipse.jdt.internal.junit.runner.RemoteTestRunner.runTests(RemoteTestRunner.java:467)&#13;
	at org.eclipse.jdt.internal.junit.runner.RemoteTestRunner.runTests(RemoteTestRunner.java:683)&#13;
	at org.eclipse.jdt.internal.junit.runner.RemoteTestRunner.run(RemoteTestRunner.java:390)&#13;
	at org.eclipse.jdt.internal.junit.runner.RemoteTestRunner.main(RemoteTestRunner.java:197)&#13;
&#13;
</failure>
      </testcase>
    </testsuite>
    <testsuite name="[Alloy 909!IARM203A!50!!1!.csv]" time="0.37">
      <testcase name="chemistryTests[Alloy 909!IARM203A!50!!1!.csv]" classname="com.sciaps.analysis.LibsAnalyzerTests" time="0.37">
        <failure>java.lang.AssertionError: Assay Missing&#13;
	at org.junit.Assert.fail(Assert.java:88)&#13;
	at org.junit.Assert.assertTrue(Assert.java:41)&#13;
	at org.junit.Assert.assertNotNull(Assert.java:621)&#13;
	at com.sciaps.analysis.LibsAnalyzerTests.chemistryTests(LibsAnalyzerTests.java:134)&#13;
	at sun.reflect.GeneratedMethodAccessor4.invoke(Unknown Source)&#13;
	at sun.reflect.DelegatingMethodAccessorImpl.invoke(DelegatingMethodAccessorImpl.java:43)&#13;
	at java.lang.reflect.Method.invoke(Method.java:606)&#13;
	at org.junit.runners.model.FrameworkMethod$1.runReflectiveCall(FrameworkMethod.java:47)&#13;
	at org.junit.internal.runners.model.ReflectiveCallable.run(ReflectiveCallable.java:12)&#13;
	at org.junit.runners.model.FrameworkMethod.invokeExplosively(FrameworkMethod.java:44)&#13;
	at org.junit.internal.runners.statements.InvokeMethod.evaluate(InvokeMethod.java:17)&#13;
	at org.junit.runners.ParentRunner.runLeaf(ParentRunner.java:271)&#13;
	at org.junit.runners.BlockJUnit4ClassRunner.runChild(BlockJUnit4ClassRunner.java:70)&#13;
	at org.junit.runners.BlockJUnit4ClassRunner.runChild(BlockJUnit4ClassRunner.java:50)&#13;
	at org.junit.runners.ParentRunner$3.run(ParentRunner.java:238)&#13;
	at org.junit.runners.ParentRunner$1.schedule(ParentRunner.java:63)&#13;
	at org.junit.runners.ParentRunner.runChildren(ParentRunner.java:236)&#13;
	at org.junit.runners.ParentRunner.access$000(ParentRunner.java:53)&#13;
	at org.junit.runners.ParentRunner$2.evaluate(ParentRunner.java:229)&#13;
	at org.junit.runners.ParentRunner.run(ParentRunner.java:309)&#13;
	at org.junit.runners.Suite.runChild(Suite.java:127)&#13;
	at org.junit.runners.Suite.runChild(Suite.java:26)&#13;
	at org.junit.runners.ParentRunner$3.run(ParentRunner.java:238)&#13;
	at org.junit.runners.ParentRunner$1.schedule(ParentRunner.java:63)&#13;
	at org.junit.runners.ParentRunner.runChildren(ParentRunner.java:236)&#13;
	at org.junit.runners.ParentRunner.access$000(ParentRunner.java:53)&#13;
	at org.junit.runners.ParentRunner$2.evaluate(ParentRunner.java:229)&#13;
	at org.junit.internal.runners.statements.RunBefores.evaluate(RunBefores.java:26)&#13;
	at org.junit.runners.ParentRunner.run(ParentRunner.java:309)&#13;
	at org.eclipse.jdt.internal.junit4.runner.JUnit4TestReference.run(JUnit4TestReference.java:50)&#13;
	at org.eclipse.jdt.internal.junit.runner.TestExecution.run(TestExecution.java:38)&#13;
	at org.eclipse.jdt.internal.junit.runner.RemoteTestRunner.runTests(RemoteTestRunner.java:467)&#13;
	at org.eclipse.jdt.internal.junit.runner.RemoteTestRunner.runTests(RemoteTestRunner.java:683)&#13;
	at org.eclipse.jdt.internal.junit.runner.RemoteTestRunner.run(RemoteTestRunner.java:390)&#13;
	at org.eclipse.jdt.internal.junit.runner.RemoteTestRunner.main(RemoteTestRunner.java:197)&#13;
&#13;
</failure>
      </testcase>
    </testsuite>
    <testsuite name="[Alloy B!-2IARM63C!50!!1!.csv]" time="0.409">
      <testcase name="chemistryTests[Alloy B!-2IARM63C!50!!1!.csv]" classname="com.sciaps.analysis.LibsAnalyzerTests" time="0.409"/>
    </testsuite>
    <testsuite name="[Alloy B!-2IARM63C!50!!2!.csv]" time="0.419">
      <testcase name="chemistryTests[Alloy B!-2IARM63C!50!!2!.csv]" classname="com.sciaps.analysis.LibsAnalyzerTests" time="0.419"/>
    </testsuite>
    <testsuite name="[Alloy C-276!1!.csv]" time="0.424">
      <testcase name="chemistryTests[Alloy C-276!1!.csv]" classname="com.sciaps.analysis.LibsAnalyzerTests" time="0.424"/>
    </testsuite>
    <testsuite name="[Alloy C-276!2!.csv]" time="0.369">
      <testcase name="chemistryTests[Alloy C-276!2!.csv]" classname="com.sciaps.analysis.LibsAnalyzerTests" time="0.369"/>
    </testsuite>
    <testsuite name="[Alloy X!IARM69C!50!!1!.csv]" time="0.373">
      <testcase name="chemistryTests[Alloy X!IARM69C!50!!1!.csv]" classname="com.sciaps.analysis.LibsAnalyzerTests" time="0.373"/>
    </testsuite>
    <testsuite name="[Alloy X!IARM69C!50!!2!.csv]" time="0.391">
      <testcase name="chemistryTests[Alloy X!IARM69C!50!!2!.csv]" classname="com.sciaps.analysis.LibsAnalyzerTests" time="0.391"/>
    </testsuite>
    <testsuite name="[Ni 200 !2!.csv]" time="1.98">
      <testcase name="chemistryTests[Ni 200 !2!.csv]" classname="com.sciaps.analysis.LibsAnalyzerTests" time="1.98"/>
    </testsuite>
    <testsuite name="[Ni 200 !3!.csv]" time="2.026">
      <testcase name="chemistryTests[Ni 200 !3!.csv]" classname="com.sciaps.analysis.LibsAnalyzerTests" time="2.026"/>
    </testsuite>
    <testsuite name="[Ni 200 !4!.csv]" time="1.98">
      <testcase name="chemistryTests[Ni 200 !4!.csv]" classname="com.sciaps.analysis.LibsAnalyzerTests" time="1.98"/>
    </testsuite>
    <testsuite name="[Ni 200 !5!.csv]" time="1.903">
      <testcase name="chemistryTests[Ni 200 !5!.csv]" classname="com.sciaps.analysis.LibsAnalyzerTests" time="1.903"/>
    </testsuite>
    <testsuite name="[Ni 200 !6!.csv]" time="1.867">
      <testcase name="chemistryTests[Ni 200 !6!.csv]" classname="com.sciaps.analysis.LibsAnalyzerTests" time="1.867"/>
    </testsuite>
    <testsuite name="[Ni 200 !LT-2!.csv]" time="1.974">
      <testcase name="chemistryTests[Ni 200 !LT-2!.csv]" classname="com.sciaps.analysis.LibsAnalyzerTests" time="1.974"/>
    </testsuite>
    <testsuite name="[Ni 200 !LT-3!.csv]" time="1.981">
      <testcase name="chemistryTests[Ni 200 !LT-3!.csv]" classname="com.sciaps.analysis.LibsAnalyzerTests" time="1.981"/>
    </testsuite>
    <testsuite name="[Ni 200!LT-4!.csv]" time="2.14">
      <testcase name="chemistryTests[Ni 200!LT-4!.csv]" classname="com.sciaps.analysis.LibsAnalyzerTests" time="2.14"/>
    </testsuite>
    <testsuite name="[Ni 200!LT-5!.csv]" time="2.116">
      <testcase name="chemistryTests[Ni 200!LT-5!.csv]" classname="com.sciaps.analysis.LibsAnalyzerTests" time="2.116"/>
    </testsuite>
    <testsuite name="[Ni 200!LT-6!.csv]" time="1.901">
      <testcase name="chemistryTests[Ni 200!LT-6!.csv]" classname="com.sciaps.analysis.LibsAnalyzerTests" time="1.901"/>
    </testsuite>
    <testsuite name="[Rene 77 !1!.csv]" time="1.943">
      <testcase name="chemistryTests[Rene 77 !1!.csv]" classname="com.sciaps.analysis.LibsAnalyzerTests" time="1.943"/>
    </testsuite>
    <testsuite name="[Rene 77 !2!.csv]" time="1.972">
      <testcase name="chemistryTests[Rene 77 !2!.csv]" classname="com.sciaps.analysis.LibsAnalyzerTests" time="1.971"/>
    </testsuite>
    <testsuite name="[Rene 77 !3!.csv]" time="1.989">
      <testcase name="chemistryTests[Rene 77 !3!.csv]" classname="com.sciaps.analysis.LibsAnalyzerTests" time="1.989"/>
    </testsuite>
    <testsuite name="[Rene 77 !4!.csv]" time="2.043">
      <testcase name="chemistryTests[Rene 77 !4!.csv]" classname="com.sciaps.analysis.LibsAnalyzerTests" time="2.043"/>
    </testsuite>
    <testsuite name="[Rene 77 !5!.csv]" time="1.818">
      <testcase name="chemistryTests[Rene 77 !5!.csv]" classname="com.sciaps.analysis.LibsAnalyzerTests" time="1.818"/>
    </testsuite>
    <testsuite name="[Rene 77 !6!.csv]" time="2.176">
      <testcase name="chemistryTests[Rene 77 !6!.csv]" classname="com.sciaps.analysis.LibsAnalyzerTests" time="2.176"/>
    </testsuite>
    <testsuite name="[Waspaloy!IARM62E!50!!1!.csv]" time="0.434">
      <testcase name="chemistryTests[Waspaloy!IARM62E!50!!1!.csv]" classname="com.sciaps.analysis.LibsAnalyzerTests" time="0.434"/>
    </testsuite>
    <testsuite name="[Waspaloy!IARM62E!50!!2!.csv]" time="0.393">
      <testcase name="chemistryTests[Waspaloy!IARM62E!50!!2!.csv]" classname="com.sciaps.analysis.LibsAnalyzerTests" time="0.393"/>
    </testsuite>
  </testsuite>
</testrun>
