<?xml version="1.0" encoding="UTF-8"?><testrun name="LibsAnalyzerTests" project="SpectrumAnalysis" tests="12" started="12" failures="2" errors="0" ignored="0">
  <testsuite name="com.sciaps.analysis.LibsAnalyzerTests" time="18.331">
    <testsuite name="[CDA 314 !1!.csv]" time="1.968">
      <testcase name="chemistryTests[CDA 314 !1!.csv]" classname="com.sciaps.analysis.LibsAnalyzerTests" time="1.968"/>
    </testsuite>
    <testsuite name="[CDA 314 !2!.csv]" time="1.711">
      <testcase name="chemistryTests[CDA 314 !2!.csv]" classname="com.sciaps.analysis.LibsAnalyzerTests" time="1.711">
        <failure>
          <expected>CDA 314</expected>
          <actual>CDA 836</actual>org.junit.ComparisonFailure: expected:&lt;CDA [314]&gt; but was:&lt;CDA [836]&gt;&#13;
	at org.junit.Assert.assertEquals(Assert.java:115)&#13;
	at org.junit.Assert.assertEquals(Assert.java:144)&#13;
	at com.sciaps.analysis.LibsAnalyzerTests.chemistryTests(LibsAnalyzerTests.java:130)&#13;
	at sun.reflect.NativeMethodAccessorImpl.invoke0(Native Method)&#13;
	at sun.reflect.NativeMethodAccessorImpl.invoke(NativeMethodAccessorImpl.java:57)&#13;
	at sun.reflect.DelegatingMethodAccessorImpl.invoke(DelegatingMethodAccessorImpl.java:43)&#13;
	at java.lang.reflect.Method.invoke(Method.java:606)&#13;
	at org.junit.runners.model.FrameworkMethod$1.runReflectiveCall(FrameworkMethod.java:47)&#13;
	at org.junit.internal.runners.model.ReflectiveCallable.run(ReflectiveCallable.java:12)&#13;
	at org.junit.runners.model.FrameworkMethod.invokeExplosively(FrameworkMethod.java:44)&#13;
	at org.junit.internal.runners.statements.InvokeMethod.evaluate(InvokeMethod.java:17)&#13;
	at org.junit.runners.ParentRunner.runLeaf(ParentRunner.java:271)&#13;
	at org.junit.runners.BlockJUnit4ClassRunner.runChild(BlockJUnit4ClassRunner.java:70)&#13;
	at org.junit.runners.BlockJUnit4ClassRunner.runChild(BlockJUnit4ClassRunner.java:50)&#13;
	at org.junit.runners.ParentRunner$3.run(ParentRunner.java:238)&#13;
	at org.junit.runners.ParentRunner$1.schedule(ParentRunner.java:63)&#13;
	at org.junit.runners.ParentRunner.runChildren(ParentRunner.java:236)&#13;
	at org.junit.runners.ParentRunner.access$000(ParentRunner.java:53)&#13;
	at org.junit.runners.ParentRunner$2.evaluate(ParentRunner.java:229)&#13;
	at org.junit.runners.ParentRunner.run(ParentRunner.java:309)&#13;
	at org.junit.runners.Suite.runChild(Suite.java:127)&#13;
	at org.junit.runners.Suite.runChild(Suite.java:26)&#13;
	at org.junit.runners.ParentRunner$3.run(ParentRunner.java:238)&#13;
	at org.junit.runners.ParentRunner$1.schedule(ParentRunner.java:63)&#13;
	at org.junit.runners.ParentRunner.runChildren(ParentRunner.java:236)&#13;
	at org.junit.runners.ParentRunner.access$000(ParentRunner.java:53)&#13;
	at org.junit.runners.ParentRunner$2.evaluate(ParentRunner.java:229)&#13;
	at org.junit.internal.runners.statements.RunBefores.evaluate(RunBefores.java:26)&#13;
	at org.junit.runners.ParentRunner.run(ParentRunner.java:309)&#13;
	at org.eclipse.jdt.internal.junit4.runner.JUnit4TestReference.run(JUnit4TestReference.java:50)&#13;
	at org.eclipse.jdt.internal.junit.runner.TestExecution.run(TestExecution.java:38)&#13;
	at org.eclipse.jdt.internal.junit.runner.RemoteTestRunner.runTests(RemoteTestRunner.java:467)&#13;
	at org.eclipse.jdt.internal.junit.runner.RemoteTestRunner.runTests(RemoteTestRunner.java:683)&#13;
	at org.eclipse.jdt.internal.junit.runner.RemoteTestRunner.run(RemoteTestRunner.java:390)&#13;
	at org.eclipse.jdt.internal.junit.runner.RemoteTestRunner.main(RemoteTestRunner.java:197)&#13;
&#13;
</failure>
      </testcase>
    </testsuite>
    <testsuite name="[CDA 314 !3!.csv]" time="1.492">
      <testcase name="chemistryTests[CDA 314 !3!.csv]" classname="com.sciaps.analysis.LibsAnalyzerTests" time="1.492"/>
    </testsuite>
    <testsuite name="[CDA 314 !4!.csv]" time="1.387">
      <testcase name="chemistryTests[CDA 314 !4!.csv]" classname="com.sciaps.analysis.LibsAnalyzerTests" time="1.387"/>
    </testsuite>
    <testsuite name="[CDA 314 !5!.csv]" time="1.524">
      <testcase name="chemistryTests[CDA 314 !5!.csv]" classname="com.sciaps.analysis.LibsAnalyzerTests" time="1.524"/>
    </testsuite>
    <testsuite name="[CDA 314 !6!.csv]" time="1.494">
      <testcase name="chemistryTests[CDA 314 !6!.csv]" classname="com.sciaps.analysis.LibsAnalyzerTests" time="1.494">
        <failure>
          <expected>CDA 314</expected>
          <actual>CDA 836</actual>org.junit.ComparisonFailure: expected:&lt;CDA [314]&gt; but was:&lt;CDA [836]&gt;&#13;
	at org.junit.Assert.assertEquals(Assert.java:115)&#13;
	at org.junit.Assert.assertEquals(Assert.java:144)&#13;
	at com.sciaps.analysis.LibsAnalyzerTests.chemistryTests(LibsAnalyzerTests.java:130)&#13;
	at sun.reflect.NativeMethodAccessorImpl.invoke0(Native Method)&#13;
	at sun.reflect.NativeMethodAccessorImpl.invoke(NativeMethodAccessorImpl.java:57)&#13;
	at sun.reflect.DelegatingMethodAccessorImpl.invoke(DelegatingMethodAccessorImpl.java:43)&#13;
	at java.lang.reflect.Method.invoke(Method.java:606)&#13;
	at org.junit.runners.model.FrameworkMethod$1.runReflectiveCall(FrameworkMethod.java:47)&#13;
	at org.junit.internal.runners.model.ReflectiveCallable.run(ReflectiveCallable.java:12)&#13;
	at org.junit.runners.model.FrameworkMethod.invokeExplosively(FrameworkMethod.java:44)&#13;
	at org.junit.internal.runners.statements.InvokeMethod.evaluate(InvokeMethod.java:17)&#13;
	at org.junit.runners.ParentRunner.runLeaf(ParentRunner.java:271)&#13;
	at org.junit.runners.BlockJUnit4ClassRunner.runChild(BlockJUnit4ClassRunner.java:70)&#13;
	at org.junit.runners.BlockJUnit4ClassRunner.runChild(BlockJUnit4ClassRunner.java:50)&#13;
	at org.junit.runners.ParentRunner$3.run(ParentRunner.java:238)&#13;
	at org.junit.runners.ParentRunner$1.schedule(ParentRunner.java:63)&#13;
	at org.junit.runners.ParentRunner.runChildren(ParentRunner.java:236)&#13;
	at org.junit.runners.ParentRunner.access$000(ParentRunner.java:53)&#13;
	at org.junit.runners.ParentRunner$2.evaluate(ParentRunner.java:229)&#13;
	at org.junit.runners.ParentRunner.run(ParentRunner.java:309)&#13;
	at org.junit.runners.Suite.runChild(Suite.java:127)&#13;
	at org.junit.runners.Suite.runChild(Suite.java:26)&#13;
	at org.junit.runners.ParentRunner$3.run(ParentRunner.java:238)&#13;
	at org.junit.runners.ParentRunner$1.schedule(ParentRunner.java:63)&#13;
	at org.junit.runners.ParentRunner.runChildren(ParentRunner.java:236)&#13;
	at org.junit.runners.ParentRunner.access$000(ParentRunner.java:53)&#13;
	at org.junit.runners.ParentRunner$2.evaluate(ParentRunner.java:229)&#13;
	at org.junit.internal.runners.statements.RunBefores.evaluate(RunBefores.java:26)&#13;
	at org.junit.runners.ParentRunner.run(ParentRunner.java:309)&#13;
	at org.eclipse.jdt.internal.junit4.runner.JUnit4TestReference.run(JUnit4TestReference.java:50)&#13;
	at org.eclipse.jdt.internal.junit.runner.TestExecution.run(TestExecution.java:38)&#13;
	at org.eclipse.jdt.internal.junit.runner.RemoteTestRunner.runTests(RemoteTestRunner.java:467)&#13;
	at org.eclipse.jdt.internal.junit.runner.RemoteTestRunner.runTests(RemoteTestRunner.java:683)&#13;
	at org.eclipse.jdt.internal.junit.runner.RemoteTestRunner.run(RemoteTestRunner.java:390)&#13;
	at org.eclipse.jdt.internal.junit.runner.RemoteTestRunner.main(RemoteTestRunner.java:197)&#13;
&#13;
</failure>
      </testcase>
    </testsuite>
    <testsuite name="[CDA 836 !1!.csv]" time="1.466">
      <testcase name="chemistryTests[CDA 836 !1!.csv]" classname="com.sciaps.analysis.LibsAnalyzerTests" time="1.466"/>
    </testsuite>
    <testsuite name="[CDA 836 !2!.csv]" time="1.424">
      <testcase name="chemistryTests[CDA 836 !2!.csv]" classname="com.sciaps.analysis.LibsAnalyzerTests" time="1.424"/>
    </testsuite>
    <testsuite name="[CDA 836 !3!.csv]" time="1.471">
      <testcase name="chemistryTests[CDA 836 !3!.csv]" classname="com.sciaps.analysis.LibsAnalyzerTests" time="1.471"/>
    </testsuite>
    <testsuite name="[CDA 836 !4!.csv]" time="1.471">
      <testcase name="chemistryTests[CDA 836 !4!.csv]" classname="com.sciaps.analysis.LibsAnalyzerTests" time="1.471"/>
    </testsuite>
    <testsuite name="[CDA 836 !5!.csv]" time="1.501">
      <testcase name="chemistryTests[CDA 836 !5!.csv]" classname="com.sciaps.analysis.LibsAnalyzerTests" time="1.501"/>
    </testsuite>
    <testsuite name="[CDA 836 !6!.csv]" time="1.421">
      <testcase name="chemistryTests[CDA 836 !6!.csv]" classname="com.sciaps.analysis.LibsAnalyzerTests" time="1.421"/>
    </testsuite>
  </testsuite>
</testrun>
